[0.031s] Invoking command in '/ROS2_humble/turtlebot3_ws/build/turtlebot3_description': /usr/bin/cmake /ROS2_humble/turtlebot3_ws/src/turtlebot3/turtlebot3_description -DAMENT_CMAKE_SYMLINK_INSTALL=1 -DCMAKE_INSTALL_PREFIX=/ROS2_humble/turtlebot3_ws/install/turtlebot3_description
[0.370s] -- The C compiler identification is GNU 11.4.0
[0.370s] -- The CXX compiler identification is GNU 11.4.0
[0.370s] -- Detecting C compiler ABI info
[0.394s] -- Detecting C compiler ABI info - done
[0.406s] -- Check for working C compiler: /usr/bin/cc - skipped
[0.407s] -- Detecting C compile features
[0.407s] -- Detecting C compile features - done
[0.413s] -- Detecting CXX compiler ABI info
[0.558s] -- Detecting CXX compiler ABI info - done
[0.573s] -- Check for working CXX compiler: /usr/bin/c++ - skipped
[0.574s] -- Detecting CXX compile features
[0.575s] -- Detecting CXX compile features - done
[0.605s] [31mCMake Error at CMakeLists.txt:18 (find_package):
[0.607s]   By not providing "Findament_cmake.cmake" in CMAKE_MODULE_PATH this project
[0.608s]   has asked CMake to find a package configuration file provided by
[0.608s]   "ament_cmake", but CMake did not find one.
[0.608s] 
[0.608s]   Could not find a package configuration file provided by "ament_cmake" with
[0.608s]   any of the following names:
[0.609s] 
[0.609s]     ament_cmakeConfig.cmake
[0.609s]     ament_cmake-config.cmake
[0.609s] 
[0.609s]   Add the installation prefix of "ament_cmake" to CMAKE_PREFIX_PATH or set
[0.609s]   "ament_cmake_DIR" to a directory containing one of the above files.  If
[0.609s]   "ament_cmake" provides a separate development package or SDK, be sure it
[0.610s]   has been installed.
[0.610s] 
[0.610s] [0m
[0.610s] -- Configuring incomplete, errors occurred!
[0.611s] See also "/ROS2_humble/turtlebot3_ws/build/turtlebot3_description/CMakeFiles/CMakeOutput.log".
