[0.089s] Invoking command in '/ROS2_humble/turtlebot3_ws/build/dynamixel_sdk_examples': AMENT_PREFIX_PATH=/ROS2_humble/turtlebot3_ws/install/dynamixel_sdk_custom_interfaces:/ROS2_humble/turtlebot3_ws/install/dynamixel_sdk:${AMENT_PREFIX_PATH} CMAKE_PREFIX_PATH=/ROS2_humble/turtlebot3_ws/install/dynamixel_sdk_custom_interfaces:/ROS2_humble/turtlebot3_ws/install/dynamixel_sdk:/opt/ros/humble LD_LIBRARY_PATH=/ROS2_humble/turtlebot3_ws/install/dynamixel_sdk_custom_interfaces/lib:/ROS2_humble/turtlebot3_ws/install/dynamixel_sdk/lib:${LD_LIBRARY_PATH} PYTHONPATH=/ROS2_humble/turtlebot3_ws/install/dynamixel_sdk_custom_interfaces/local/lib/python3.10/dist-packages:/ROS2_humble/turtlebot3_ws/install/dynamixel_sdk/local/lib/python3.10/dist-packages:${PYTHONPATH} /usr/bin/cmake /ROS2_humble/turtlebot3_ws/src/DynamixelSDK/ros/dynamixel_sdk_examples -DAMENT_CMAKE_SYMLINK_INSTALL=1 -DCMAKE_INSTALL_PREFIX=/ROS2_humble/turtlebot3_ws/install/dynamixel_sdk_examples
[0.266s] -- The C compiler identification is GNU 11.4.0
[0.426s] -- The CXX compiler identification is GNU 11.4.0
[0.426s] -- Detecting C compiler ABI info
[0.537s] -- Detecting C compiler ABI info - done
[0.551s] -- Check for working C compiler: /usr/bin/cc - skipped
[0.551s] -- Detecting C compile features
[0.553s] -- Detecting C compile features - done
[0.558s] -- Detecting CXX compiler ABI info
[0.680s] -- Detecting CXX compiler ABI info - done
[0.691s] -- Check for working CXX compiler: /usr/bin/c++ - skipped
[0.691s] -- Detecting CXX compile features
[0.692s] -- Detecting CXX compile features - done
[0.697s] -- Found ament_cmake: 1.3.12 (/opt/ros/humble/share/ament_cmake/cmake)
[0.914s] -- Found Python3: /usr/bin/python3 (found version "3.10.12") found components: Interpreter 
[1.004s] -- Override CMake install command with custom implementation using symlinks instead of copying resources
[1.089s] -- Found dynamixel_sdk: 3.8.4 (/ROS2_humble/turtlebot3_ws/install/dynamixel_sdk/share/dynamixel_sdk/cmake)
[1.091s] -- Found dynamixel_sdk_custom_interfaces: 3.8.4 (/ROS2_humble/turtlebot3_ws/install/dynamixel_sdk_custom_interfaces/share/dynamixel_sdk_custom_interfaces/cmake)
[1.162s] -- Found rosidl_generator_c: 3.1.7 (/opt/ros/humble/share/rosidl_generator_c/cmake)
[1.174s] -- Found rosidl_adapter: 3.1.7 (/opt/ros/humble/share/rosidl_adapter/cmake)
[1.188s] -- Found rosidl_generator_cpp: 3.1.7 (/opt/ros/humble/share/rosidl_generator_cpp/cmake)
[1.206s] -- Using all available rosidl_typesupport_c: rosidl_typesupport_fastrtps_c;rosidl_typesupport_introspection_c
[1.239s] -- Using all available rosidl_typesupport_cpp: rosidl_typesupport_fastrtps_cpp;rosidl_typesupport_introspection_cpp
[1.281s] -- Found rclcpp: 16.0.15 (/opt/ros/humble/share/rclcpp/cmake)
[1.363s] -- Found rmw_implementation_cmake: 6.1.2 (/opt/ros/humble/share/rmw_implementation_cmake/cmake)
[1.369s] -- Found rmw_fastrtps_cpp: 6.2.8 (/opt/ros/humble/share/rmw_fastrtps_cpp/cmake)
[1.520s] -- Found OpenSSL: /usr/lib/x86_64-linux-gnu/libcrypto.so (found version "3.0.2")  
[1.579s] -- Found FastRTPS: /opt/ros/humble/include  
[1.652s] -- Using RMW implementation 'rmw_fastrtps_cpp' as default
[1.678s] -- Looking for pthread.h
[1.782s] -- Looking for pthread.h - found
[1.782s] -- Performing Test CMAKE_HAVE_LIBC_PTHREAD
[1.883s] -- Performing Test CMAKE_HAVE_LIBC_PTHREAD - Success
[1.885s] -- Found Threads: TRUE  
[1.969s] -- Found rclpy: 3.3.17 (/opt/ros/humble/share/rclpy/cmake)
[1.973s] -- Found ament_lint_auto: 0.12.14 (/opt/ros/humble/share/ament_lint_auto/cmake)
[2.112s] -- Added test 'copyright' to check source files copyright and LICENSE
[2.114s] -- Added test 'cppcheck' to perform static code analysis on C / C++ code
[2.114s] -- Configured cppcheck include dirs: /ROS2_humble/turtlebot3_ws/src/DynamixelSDK/ros/dynamixel_sdk_examples/include
[2.114s] -- Configured cppcheck exclude dirs and/or files: 
[2.115s] -- Added test 'cpplint' to check C / C++ code against the Google style
[2.115s] -- Configured cpplint exclude dirs and/or files: 
[2.116s] -- Added test 'flake8' to check Python code syntax and style conventions
[2.117s] -- Added test 'lint_cmake' to check CMake code style
[2.118s] -- Added test 'pep257' to check Python code against some of the docstring style conventions in PEP 257
[2.119s] -- Added test 'uncrustify' to check C / C++ code style
[2.119s] -- Configured uncrustify additional arguments: 
[2.119s] -- Added test 'xmllint' to check XML markup files
[2.121s] -- Configuring done
[2.130s] -- Generating done
[2.135s] -- Build files have been written to: /ROS2_humble/turtlebot3_ws/build/dynamixel_sdk_examples
[2.151s] Invoked command in '/ROS2_humble/turtlebot3_ws/build/dynamixel_sdk_examples' returned '0': AMENT_PREFIX_PATH=/ROS2_humble/turtlebot3_ws/install/dynamixel_sdk_custom_interfaces:/ROS2_humble/turtlebot3_ws/install/dynamixel_sdk:${AMENT_PREFIX_PATH} CMAKE_PREFIX_PATH=/ROS2_humble/turtlebot3_ws/install/dynamixel_sdk_custom_interfaces:/ROS2_humble/turtlebot3_ws/install/dynamixel_sdk:/opt/ros/humble LD_LIBRARY_PATH=/ROS2_humble/turtlebot3_ws/install/dynamixel_sdk_custom_interfaces/lib:/ROS2_humble/turtlebot3_ws/install/dynamixel_sdk/lib:${LD_LIBRARY_PATH} PYTHONPATH=/ROS2_humble/turtlebot3_ws/install/dynamixel_sdk_custom_interfaces/local/lib/python3.10/dist-packages:/ROS2_humble/turtlebot3_ws/install/dynamixel_sdk/local/lib/python3.10/dist-packages:${PYTHONPATH} /usr/bin/cmake /ROS2_humble/turtlebot3_ws/src/DynamixelSDK/ros/dynamixel_sdk_examples -DAMENT_CMAKE_SYMLINK_INSTALL=1 -DCMAKE_INSTALL_PREFIX=/ROS2_humble/turtlebot3_ws/install/dynamixel_sdk_examples
[2.152s] Invoking command in '/ROS2_humble/turtlebot3_ws/build/dynamixel_sdk_examples': AMENT_PREFIX_PATH=/ROS2_humble/turtlebot3_ws/install/dynamixel_sdk_custom_interfaces:/ROS2_humble/turtlebot3_ws/install/dynamixel_sdk:${AMENT_PREFIX_PATH} CMAKE_PREFIX_PATH=/ROS2_humble/turtlebot3_ws/install/dynamixel_sdk_custom_interfaces:/ROS2_humble/turtlebot3_ws/install/dynamixel_sdk:/opt/ros/humble LD_LIBRARY_PATH=/ROS2_humble/turtlebot3_ws/install/dynamixel_sdk_custom_interfaces/lib:/ROS2_humble/turtlebot3_ws/install/dynamixel_sdk/lib:${LD_LIBRARY_PATH} PYTHONPATH=/ROS2_humble/turtlebot3_ws/install/dynamixel_sdk_custom_interfaces/local/lib/python3.10/dist-packages:/ROS2_humble/turtlebot3_ws/install/dynamixel_sdk/local/lib/python3.10/dist-packages:${PYTHONPATH} /usr/bin/cmake --build /ROS2_humble/turtlebot3_ws/build/dynamixel_sdk_examples -- -j12 -l12
[2.223s] [ 50%] [32mBuilding CXX object CMakeFiles/read_write_node.dir/src/read_write_node.cpp.o[0m
[18.783s] [100%] [32m[1mLinking CXX executable read_write_node[0m
[19.458s] [100%] Built target read_write_node
[19.480s] Invoked command in '/ROS2_humble/turtlebot3_ws/build/dynamixel_sdk_examples' returned '0': AMENT_PREFIX_PATH=/ROS2_humble/turtlebot3_ws/install/dynamixel_sdk_custom_interfaces:/ROS2_humble/turtlebot3_ws/install/dynamixel_sdk:${AMENT_PREFIX_PATH} CMAKE_PREFIX_PATH=/ROS2_humble/turtlebot3_ws/install/dynamixel_sdk_custom_interfaces:/ROS2_humble/turtlebot3_ws/install/dynamixel_sdk:/opt/ros/humble LD_LIBRARY_PATH=/ROS2_humble/turtlebot3_ws/install/dynamixel_sdk_custom_interfaces/lib:/ROS2_humble/turtlebot3_ws/install/dynamixel_sdk/lib:${LD_LIBRARY_PATH} PYTHONPATH=/ROS2_humble/turtlebot3_ws/install/dynamixel_sdk_custom_interfaces/local/lib/python3.10/dist-packages:/ROS2_humble/turtlebot3_ws/install/dynamixel_sdk/local/lib/python3.10/dist-packages:${PYTHONPATH} /usr/bin/cmake --build /ROS2_humble/turtlebot3_ws/build/dynamixel_sdk_examples -- -j12 -l12
[19.484s] Invoking command in '/ROS2_humble/turtlebot3_ws/build/dynamixel_sdk_examples': AMENT_PREFIX_PATH=/ROS2_humble/turtlebot3_ws/install/dynamixel_sdk_custom_interfaces:/ROS2_humble/turtlebot3_ws/install/dynamixel_sdk:${AMENT_PREFIX_PATH} CMAKE_PREFIX_PATH=/ROS2_humble/turtlebot3_ws/install/dynamixel_sdk_custom_interfaces:/ROS2_humble/turtlebot3_ws/install/dynamixel_sdk:/opt/ros/humble LD_LIBRARY_PATH=/ROS2_humble/turtlebot3_ws/install/dynamixel_sdk_custom_interfaces/lib:/ROS2_humble/turtlebot3_ws/install/dynamixel_sdk/lib:${LD_LIBRARY_PATH} PYTHONPATH=/ROS2_humble/turtlebot3_ws/install/dynamixel_sdk_custom_interfaces/local/lib/python3.10/dist-packages:/ROS2_humble/turtlebot3_ws/install/dynamixel_sdk/local/lib/python3.10/dist-packages:${PYTHONPATH} /usr/bin/cmake --install /ROS2_humble/turtlebot3_ws/build/dynamixel_sdk_examples
[19.498s] -- Install configuration: ""
[19.499s] -- Execute custom install script
[19.500s] -- Symlinking: /ROS2_humble/turtlebot3_ws/install/dynamixel_sdk_examples/lib/dynamixel_sdk_examples/read_write_node
[19.520s] -- Symlinking: /ROS2_humble/turtlebot3_ws/install/dynamixel_sdk_examples/lib/dynamixel_sdk_examples/read_write_node.py
[19.538s] -- Symlinking: /ROS2_humble/turtlebot3_ws/install/dynamixel_sdk_examples/share/ament_index/resource_index/package_run_dependencies/dynamixel_sdk_examples
[19.554s] -- Symlinking: /ROS2_humble/turtlebot3_ws/install/dynamixel_sdk_examples/share/ament_index/resource_index/parent_prefix_path/dynamixel_sdk_examples
[19.572s] -- Symlinking: /ROS2_humble/turtlebot3_ws/install/dynamixel_sdk_examples/share/dynamixel_sdk_examples/environment/ament_prefix_path.sh
[19.587s] -- Symlinking: /ROS2_humble/turtlebot3_ws/install/dynamixel_sdk_examples/share/dynamixel_sdk_examples/environment/ament_prefix_path.dsv
[19.602s] -- Symlinking: /ROS2_humble/turtlebot3_ws/install/dynamixel_sdk_examples/share/dynamixel_sdk_examples/environment/path.sh
[19.619s] -- Symlinking: /ROS2_humble/turtlebot3_ws/install/dynamixel_sdk_examples/share/dynamixel_sdk_examples/environment/path.dsv
[19.635s] -- Symlinking: /ROS2_humble/turtlebot3_ws/install/dynamixel_sdk_examples/share/dynamixel_sdk_examples/local_setup.bash
[19.646s] -- Symlinking: /ROS2_humble/turtlebot3_ws/install/dynamixel_sdk_examples/share/dynamixel_sdk_examples/local_setup.sh
[19.657s] -- Symlinking: /ROS2_humble/turtlebot3_ws/install/dynamixel_sdk_examples/share/dynamixel_sdk_examples/local_setup.zsh
[19.669s] -- Symlinking: /ROS2_humble/turtlebot3_ws/install/dynamixel_sdk_examples/share/dynamixel_sdk_examples/local_setup.dsv
[19.685s] -- Symlinking: /ROS2_humble/turtlebot3_ws/install/dynamixel_sdk_examples/share/dynamixel_sdk_examples/package.dsv
[19.698s] -- Symlinking: /ROS2_humble/turtlebot3_ws/install/dynamixel_sdk_examples/share/ament_index/resource_index/packages/dynamixel_sdk_examples
[19.714s] -- Symlinking: /ROS2_humble/turtlebot3_ws/install/dynamixel_sdk_examples/share/dynamixel_sdk_examples/cmake/dynamixel_sdk_examplesConfig.cmake
[19.729s] -- Symlinking: /ROS2_humble/turtlebot3_ws/install/dynamixel_sdk_examples/share/dynamixel_sdk_examples/cmake/dynamixel_sdk_examplesConfig-version.cmake
[19.744s] -- Symlinking: /ROS2_humble/turtlebot3_ws/install/dynamixel_sdk_examples/share/dynamixel_sdk_examples/package.xml
[19.761s] Invoked command in '/ROS2_humble/turtlebot3_ws/build/dynamixel_sdk_examples' returned '0': AMENT_PREFIX_PATH=/ROS2_humble/turtlebot3_ws/install/dynamixel_sdk_custom_interfaces:/ROS2_humble/turtlebot3_ws/install/dynamixel_sdk:${AMENT_PREFIX_PATH} CMAKE_PREFIX_PATH=/ROS2_humble/turtlebot3_ws/install/dynamixel_sdk_custom_interfaces:/ROS2_humble/turtlebot3_ws/install/dynamixel_sdk:/opt/ros/humble LD_LIBRARY_PATH=/ROS2_humble/turtlebot3_ws/install/dynamixel_sdk_custom_interfaces/lib:/ROS2_humble/turtlebot3_ws/install/dynamixel_sdk/lib:${LD_LIBRARY_PATH} PYTHONPATH=/ROS2_humble/turtlebot3_ws/install/dynamixel_sdk_custom_interfaces/local/lib/python3.10/dist-packages:/ROS2_humble/turtlebot3_ws/install/dynamixel_sdk/local/lib/python3.10/dist-packages:${PYTHONPATH} /usr/bin/cmake --install /ROS2_humble/turtlebot3_ws/build/dynamixel_sdk_examples
