[0.017s] Invoking command in '/ROS2_humble/turtlebot3_ws/build/turtlebot3_node': AMENT_PREFIX_PATH=/ROS2_humble/turtlebot3_ws/install/turtlebot3_msgs:/ROS2_humble/turtlebot3_ws/install/dynamixel_sdk:${AMENT_PREFIX_PATH} CMAKE_PREFIX_PATH=/ROS2_humble/turtlebot3_ws/install/turtlebot3_msgs:/ROS2_humble/turtlebot3_ws/install/dynamixel_sdk:/opt/ros/humble LD_LIBRARY_PATH=/ROS2_humble/turtlebot3_ws/install/turtlebot3_msgs/lib:/ROS2_humble/turtlebot3_ws/install/dynamixel_sdk/lib:${LD_LIBRARY_PATH} PYTHONPATH=/ROS2_humble/turtlebot3_ws/install/turtlebot3_msgs/local/lib/python3.10/dist-packages:/ROS2_humble/turtlebot3_ws/install/dynamixel_sdk/local/lib/python3.10/dist-packages:${PYTHONPATH} /usr/bin/cmake /ROS2_humble/turtlebot3_ws/src/turtlebot3/turtlebot3_node -DAMENT_CMAKE_SYMLINK_INSTALL=1 -DCMAKE_INSTALL_PREFIX=/ROS2_humble/turtlebot3_ws/install/turtlebot3_node
[0.095s] -- The C compiler identification is GNU 11.4.0
[0.185s] -- The CXX compiler identification is GNU 11.4.0
[0.196s] -- Detecting C compiler ABI info
[0.297s] -- Detecting C compiler ABI info - done
[0.309s] -- Check for working C compiler: /usr/bin/cc - skipped
[0.309s] -- Detecting C compile features
[0.310s] -- Detecting C compile features - done
[0.313s] -- Detecting CXX compiler ABI info
[0.435s] -- Detecting CXX compiler ABI info - done
[0.449s] -- Check for working CXX compiler: /usr/bin/c++ - skipped
[0.451s] -- Detecting CXX compile features
[0.451s] -- Detecting CXX compile features - done
[0.458s] -- Found ament_cmake: 1.3.12 (/opt/ros/humble/share/ament_cmake/cmake)
[0.695s] -- Found Python3: /usr/bin/python3 (found version "3.10.12") found components: Interpreter 
[0.795s] -- Override CMake install command with custom implementation using symlinks instead of copying resources
[0.854s] -- Found dynamixel_sdk: 3.8.4 (/ROS2_humble/turtlebot3_ws/install/dynamixel_sdk/share/dynamixel_sdk/cmake)
[0.861s] -- Found geometry_msgs: 4.9.0 (/opt/ros/humble/share/geometry_msgs/cmake)
[0.934s] -- Found rosidl_generator_c: 3.1.7 (/opt/ros/humble/share/rosidl_generator_c/cmake)
[0.946s] -- Found rosidl_adapter: 3.1.7 (/opt/ros/humble/share/rosidl_adapter/cmake)
[0.965s] -- Found rosidl_generator_cpp: 3.1.7 (/opt/ros/humble/share/rosidl_generator_cpp/cmake)
[0.996s] -- Using all available rosidl_typesupport_c: rosidl_typesupport_fastrtps_c;rosidl_typesupport_introspection_c
[1.040s] -- Using all available rosidl_typesupport_cpp: rosidl_typesupport_fastrtps_cpp;rosidl_typesupport_introspection_cpp
[1.128s] -- Found message_filters: 4.3.8 (/opt/ros/humble/share/message_filters/cmake)
[1.212s] -- Found rmw_implementation_cmake: 6.1.2 (/opt/ros/humble/share/rmw_implementation_cmake/cmake)
[1.217s] -- Found rmw_fastrtps_cpp: 6.2.8 (/opt/ros/humble/share/rmw_fastrtps_cpp/cmake)
[1.368s] -- Found OpenSSL: /usr/lib/x86_64-linux-gnu/libcrypto.so (found version "3.0.2")  
[1.419s] -- Found FastRTPS: /opt/ros/humble/include  
[1.503s] -- Using RMW implementation 'rmw_fastrtps_cpp' as default
[1.521s] -- Looking for pthread.h
[1.634s] -- Looking for pthread.h - found
[1.634s] -- Performing Test CMAKE_HAVE_LIBC_PTHREAD
[1.745s] -- Performing Test CMAKE_HAVE_LIBC_PTHREAD - Success
[1.749s] -- Found Threads: TRUE  
[1.818s] -- Found nav_msgs: 4.9.0 (/opt/ros/humble/share/nav_msgs/cmake)
[1.841s] -- Found sensor_msgs: 4.9.0 (/opt/ros/humble/share/sensor_msgs/cmake)
[1.872s] -- Found std_srvs: 4.9.0 (/opt/ros/humble/share/std_srvs/cmake)
[1.897s] -- Found tf2: 0.25.16 (/opt/ros/humble/share/tf2/cmake)
[1.920s] -- Found tf2_ros: 0.25.16 (/opt/ros/humble/share/tf2_ros/cmake)
[2.053s] -- Found turtlebot3_msgs: 2.4.0 (/ROS2_humble/turtlebot3_ws/install/turtlebot3_msgs/share/turtlebot3_msgs/cmake)
[2.185s] -- Configuring done
[2.207s] -- Generating done
[2.214s] -- Build files have been written to: /ROS2_humble/turtlebot3_ws/build/turtlebot3_node
[2.226s] Invoked command in '/ROS2_humble/turtlebot3_ws/build/turtlebot3_node' returned '0': AMENT_PREFIX_PATH=/ROS2_humble/turtlebot3_ws/install/turtlebot3_msgs:/ROS2_humble/turtlebot3_ws/install/dynamixel_sdk:${AMENT_PREFIX_PATH} CMAKE_PREFIX_PATH=/ROS2_humble/turtlebot3_ws/install/turtlebot3_msgs:/ROS2_humble/turtlebot3_ws/install/dynamixel_sdk:/opt/ros/humble LD_LIBRARY_PATH=/ROS2_humble/turtlebot3_ws/install/turtlebot3_msgs/lib:/ROS2_humble/turtlebot3_ws/install/dynamixel_sdk/lib:${LD_LIBRARY_PATH} PYTHONPATH=/ROS2_humble/turtlebot3_ws/install/turtlebot3_msgs/local/lib/python3.10/dist-packages:/ROS2_humble/turtlebot3_ws/install/dynamixel_sdk/local/lib/python3.10/dist-packages:${PYTHONPATH} /usr/bin/cmake /ROS2_humble/turtlebot3_ws/src/turtlebot3/turtlebot3_node -DAMENT_CMAKE_SYMLINK_INSTALL=1 -DCMAKE_INSTALL_PREFIX=/ROS2_humble/turtlebot3_ws/install/turtlebot3_node
[2.229s] Invoking command in '/ROS2_humble/turtlebot3_ws/build/turtlebot3_node': AMENT_PREFIX_PATH=/ROS2_humble/turtlebot3_ws/install/turtlebot3_msgs:/ROS2_humble/turtlebot3_ws/install/dynamixel_sdk:${AMENT_PREFIX_PATH} CMAKE_PREFIX_PATH=/ROS2_humble/turtlebot3_ws/install/turtlebot3_msgs:/ROS2_humble/turtlebot3_ws/install/dynamixel_sdk:/opt/ros/humble LD_LIBRARY_PATH=/ROS2_humble/turtlebot3_ws/install/turtlebot3_msgs/lib:/ROS2_humble/turtlebot3_ws/install/dynamixel_sdk/lib:${LD_LIBRARY_PATH} PYTHONPATH=/ROS2_humble/turtlebot3_ws/install/turtlebot3_msgs/local/lib/python3.10/dist-packages:/ROS2_humble/turtlebot3_ws/install/dynamixel_sdk/local/lib/python3.10/dist-packages:${PYTHONPATH} /usr/bin/cmake --build /ROS2_humble/turtlebot3_ws/build/turtlebot3_node -- -j12 -l12
[2.305s] [  7%] [32mBuilding CXX object CMakeFiles/turtlebot3_node_lib.dir/src/dynamixel_sdk_wrapper.cpp.o[0m
[2.306s] [ 14%] [32mBuilding CXX object CMakeFiles/turtlebot3_node_lib.dir/src/devices/motor_power.cpp.o[0m
[2.306s] [ 21%] [32mBuilding CXX object CMakeFiles/turtlebot3_node_lib.dir/src/sensors/battery_state.cpp.o[0m
[2.308s] [ 35%] [32mBuilding CXX object CMakeFiles/turtlebot3_node_lib.dir/src/devices/reset.cpp.o[0m
[2.308s] [ 35%] [32mBuilding CXX object CMakeFiles/turtlebot3_node_lib.dir/src/devices/sound.cpp.o[0m
[2.311s] [ 42%] [32mBuilding CXX object CMakeFiles/turtlebot3_node_lib.dir/src/sensors/joint_state.cpp.o[0m
[2.315s] [ 50%] [32mBuilding CXX object CMakeFiles/turtlebot3_node_lib.dir/src/sensors/imu.cpp.o[0m
[2.315s] [ 57%] [32mBuilding CXX object CMakeFiles/turtlebot3_node_lib.dir/src/diff_drive_controller.cpp.o[0m
[2.315s] [ 64%] [32mBuilding CXX object CMakeFiles/turtlebot3_node_lib.dir/src/odometry.cpp.o[0m
[2.322s] [ 78%] [32mBuilding CXX object CMakeFiles/turtlebot3_node_lib.dir/src/sensors/sensor_state.cpp.o[0m
[2.322s] [ 78%] [32mBuilding CXX object CMakeFiles/turtlebot3_node_lib.dir/src/turtlebot3.cpp.o[0m
[24.606s] [ 85%] [32m[1mLinking CXX static library libturtlebot3_node_lib.a[0m
[25.444s] [ 85%] Built target turtlebot3_node_lib
[25.472s] [ 92%] [32mBuilding CXX object CMakeFiles/turtlebot3_ros.dir/src/node_main.cpp.o[0m
[30.225s] [100%] [32m[1mLinking CXX executable turtlebot3_ros[0m
[32.943s] [100%] Built target turtlebot3_ros
[32.959s] Invoked command in '/ROS2_humble/turtlebot3_ws/build/turtlebot3_node' returned '0': AMENT_PREFIX_PATH=/ROS2_humble/turtlebot3_ws/install/turtlebot3_msgs:/ROS2_humble/turtlebot3_ws/install/dynamixel_sdk:${AMENT_PREFIX_PATH} CMAKE_PREFIX_PATH=/ROS2_humble/turtlebot3_ws/install/turtlebot3_msgs:/ROS2_humble/turtlebot3_ws/install/dynamixel_sdk:/opt/ros/humble LD_LIBRARY_PATH=/ROS2_humble/turtlebot3_ws/install/turtlebot3_msgs/lib:/ROS2_humble/turtlebot3_ws/install/dynamixel_sdk/lib:${LD_LIBRARY_PATH} PYTHONPATH=/ROS2_humble/turtlebot3_ws/install/turtlebot3_msgs/local/lib/python3.10/dist-packages:/ROS2_humble/turtlebot3_ws/install/dynamixel_sdk/local/lib/python3.10/dist-packages:${PYTHONPATH} /usr/bin/cmake --build /ROS2_humble/turtlebot3_ws/build/turtlebot3_node -- -j12 -l12
[32.962s] Invoking command in '/ROS2_humble/turtlebot3_ws/build/turtlebot3_node': AMENT_PREFIX_PATH=/ROS2_humble/turtlebot3_ws/install/turtlebot3_msgs:/ROS2_humble/turtlebot3_ws/install/dynamixel_sdk:${AMENT_PREFIX_PATH} CMAKE_PREFIX_PATH=/ROS2_humble/turtlebot3_ws/install/turtlebot3_msgs:/ROS2_humble/turtlebot3_ws/install/dynamixel_sdk:/opt/ros/humble LD_LIBRARY_PATH=/ROS2_humble/turtlebot3_ws/install/turtlebot3_msgs/lib:/ROS2_humble/turtlebot3_ws/install/dynamixel_sdk/lib:${LD_LIBRARY_PATH} PYTHONPATH=/ROS2_humble/turtlebot3_ws/install/turtlebot3_msgs/local/lib/python3.10/dist-packages:/ROS2_humble/turtlebot3_ws/install/dynamixel_sdk/local/lib/python3.10/dist-packages:${PYTHONPATH} /usr/bin/cmake --install /ROS2_humble/turtlebot3_ws/build/turtlebot3_node
[32.973s] -- Install configuration: ""
[32.973s] -- Execute custom install script
[32.975s] -- Symlinking: /ROS2_humble/turtlebot3_ws/install/turtlebot3_node/share/turtlebot3_node/param/burger.yaml
[32.985s] -- Symlinking: /ROS2_humble/turtlebot3_ws/install/turtlebot3_node/share/turtlebot3_node/param/waffle.yaml
[32.995s] -- Symlinking: /ROS2_humble/turtlebot3_ws/install/turtlebot3_node/share/turtlebot3_node/param/waffle_pi.yaml
[33.008s] -- Symlinking: /ROS2_humble/turtlebot3_ws/install/turtlebot3_node/lib/turtlebot3_node/turtlebot3_ros
[33.022s] -- Symlinking: /ROS2_humble/turtlebot3_ws/install/turtlebot3_node/share/ament_index/resource_index/package_run_dependencies/turtlebot3_node
[33.033s] -- Symlinking: /ROS2_humble/turtlebot3_ws/install/turtlebot3_node/share/ament_index/resource_index/parent_prefix_path/turtlebot3_node
[33.045s] -- Symlinking: /ROS2_humble/turtlebot3_ws/install/turtlebot3_node/share/turtlebot3_node/environment/ament_prefix_path.sh
[33.058s] -- Symlinking: /ROS2_humble/turtlebot3_ws/install/turtlebot3_node/share/turtlebot3_node/environment/ament_prefix_path.dsv
[33.076s] -- Symlinking: /ROS2_humble/turtlebot3_ws/install/turtlebot3_node/share/turtlebot3_node/environment/path.sh
[33.094s] -- Symlinking: /ROS2_humble/turtlebot3_ws/install/turtlebot3_node/share/turtlebot3_node/environment/path.dsv
[33.111s] -- Symlinking: /ROS2_humble/turtlebot3_ws/install/turtlebot3_node/share/turtlebot3_node/local_setup.bash
[33.124s] -- Symlinking: /ROS2_humble/turtlebot3_ws/install/turtlebot3_node/share/turtlebot3_node/local_setup.sh
[33.137s] -- Symlinking: /ROS2_humble/turtlebot3_ws/install/turtlebot3_node/share/turtlebot3_node/local_setup.zsh
[33.154s] -- Symlinking: /ROS2_humble/turtlebot3_ws/install/turtlebot3_node/share/turtlebot3_node/local_setup.dsv
[33.172s] -- Symlinking: /ROS2_humble/turtlebot3_ws/install/turtlebot3_node/share/turtlebot3_node/package.dsv
[33.188s] -- Symlinking: /ROS2_humble/turtlebot3_ws/install/turtlebot3_node/share/ament_index/resource_index/packages/turtlebot3_node
[33.200s] -- Symlinking: /ROS2_humble/turtlebot3_ws/install/turtlebot3_node/share/turtlebot3_node/cmake/ament_cmake_export_dependencies-extras.cmake
[33.215s] -- Symlinking: /ROS2_humble/turtlebot3_ws/install/turtlebot3_node/share/turtlebot3_node/cmake/ament_cmake_export_include_directories-extras.cmake
[33.228s] -- Symlinking: /ROS2_humble/turtlebot3_ws/install/turtlebot3_node/share/turtlebot3_node/cmake/turtlebot3_nodeConfig.cmake
[33.240s] -- Symlinking: /ROS2_humble/turtlebot3_ws/install/turtlebot3_node/share/turtlebot3_node/cmake/turtlebot3_nodeConfig-version.cmake
[33.251s] -- Symlinking: /ROS2_humble/turtlebot3_ws/install/turtlebot3_node/share/turtlebot3_node/package.xml
[33.274s] Invoked command in '/ROS2_humble/turtlebot3_ws/build/turtlebot3_node' returned '0': AMENT_PREFIX_PATH=/ROS2_humble/turtlebot3_ws/install/turtlebot3_msgs:/ROS2_humble/turtlebot3_ws/install/dynamixel_sdk:${AMENT_PREFIX_PATH} CMAKE_PREFIX_PATH=/ROS2_humble/turtlebot3_ws/install/turtlebot3_msgs:/ROS2_humble/turtlebot3_ws/install/dynamixel_sdk:/opt/ros/humble LD_LIBRARY_PATH=/ROS2_humble/turtlebot3_ws/install/turtlebot3_msgs/lib:/ROS2_humble/turtlebot3_ws/install/dynamixel_sdk/lib:${LD_LIBRARY_PATH} PYTHONPATH=/ROS2_humble/turtlebot3_ws/install/turtlebot3_msgs/local/lib/python3.10/dist-packages:/ROS2_humble/turtlebot3_ws/install/dynamixel_sdk/local/lib/python3.10/dist-packages:${PYTHONPATH} /usr/bin/cmake --install /ROS2_humble/turtlebot3_ws/build/turtlebot3_node
