[0.031s] Invoking command in '/ROS2_humble/turtlebot3_ws/build/dynamixel_sdk': /usr/bin/cmake /ROS2_humble/turtlebot3_ws/src/DynamixelSDK/ros/dynamixel_sdk -DAMENT_CMAKE_SYMLINK_INSTALL=1 -DCMAKE_INSTALL_PREFIX=/ROS2_humble/turtlebot3_ws/install/dynamixel_sdk
[0.375s] -- The C compiler identification is GNU 11.4.0
[0.377s] -- The CXX compiler identification is GNU 11.4.0
[0.378s] -- Detecting C compiler ABI info
[0.440s] -- Detecting C compiler ABI info - done
[0.460s] -- Check for working C compiler: /usr/bin/cc - skipped
[0.460s] -- Detecting C compile features
[0.461s] -- Detecting C compile features - done
[0.466s] -- Detecting CXX compiler ABI info
[0.604s] -- Detecting CXX compiler ABI info - done
[0.619s] -- Check for working CXX compiler: /usr/bin/c++ - skipped
[0.619s] -- Detecting CXX compile features
[0.619s] -- Detecting CXX compile features - done
[0.646s] [31mCMake Error at CMakeLists.txt:18 (find_package):
[0.646s]   By not providing "Findament_cmake.cmake" in CMAKE_MODULE_PATH this project
[0.647s]   has asked CMake to find a package configuration file provided by
[0.647s]   "ament_cmake", but CMake did not find one.
[0.647s] 
[0.647s]   Could not find a package configuration file provided by "ament_cmake" with
[0.647s]   any of the following names:
[0.647s] 
[0.647s]     ament_cmakeConfig.cmake
[0.647s]     ament_cmake-config.cmake
[0.647s] 
[0.647s]   Add the installation prefix of "ament_cmake" to CMAKE_PREFIX_PATH or set
[0.647s]   "ament_cmake_DIR" to a directory containing one of the above files.  If
[0.647s]   "ament_cmake" provides a separate development package or SDK, be sure it
[0.647s]   has been installed.
[0.648s] 
[0.648s] [0m
[0.648s] -- Configuring incomplete, errors occurred!
[0.648s] See also "/ROS2_humble/turtlebot3_ws/build/dynamixel_sdk/CMakeFiles/CMakeOutput.log".
