[0.029s] Invoking command in '/ROS2_humble/turtlebot3_ws/build/turtlebot3_bringup': AMENT_PREFIX_PATH=/ROS2_humble/turtlebot3_ws/install/turtlebot3_node:/ROS2_humble/turtlebot3_ws/install/turtlebot3_msgs:/ROS2_humble/turtlebot3_ws/install/turtlebot3_description:/ROS2_humble/turtlebot3_ws/install/dynamixel_sdk:${AMENT_PREFIX_PATH} CMAKE_PREFIX_PATH=/ROS2_humble/turtlebot3_ws/install/turtlebot3_node:/ROS2_humble/turtlebot3_ws/install/turtlebot3_msgs:/ROS2_humble/turtlebot3_ws/install/turtlebot3_description:/ROS2_humble/turtlebot3_ws/install/dynamixel_sdk:/opt/ros/humble LD_LIBRARY_PATH=/ROS2_humble/turtlebot3_ws/install/turtlebot3_msgs/lib:/ROS2_humble/turtlebot3_ws/install/dynamixel_sdk/lib:${LD_LIBRARY_PATH} PYTHONPATH=/ROS2_humble/turtlebot3_ws/install/turtlebot3_msgs/local/lib/python3.10/dist-packages:/ROS2_humble/turtlebot3_ws/install/dynamixel_sdk/local/lib/python3.10/dist-packages:${PYTHONPATH} /usr/bin/cmake /ROS2_humble/turtlebot3_ws/src/turtlebot3/turtlebot3_bringup -DAMENT_CMAKE_SYMLINK_INSTALL=1 -DCMAKE_INSTALL_PREFIX=/ROS2_humble/turtlebot3_ws/install/turtlebot3_bringup
[0.135s] -- The C compiler identification is GNU 11.4.0
[0.217s] -- The CXX compiler identification is GNU 11.4.0
[0.226s] -- Detecting C compiler ABI info
[0.323s] -- Detecting C compiler ABI info - done
[0.333s] -- Check for working C compiler: /usr/bin/cc - skipped
[0.333s] -- Detecting C compile features
[0.334s] -- Detecting C compile features - done
[0.341s] -- Detecting CXX compiler ABI info
[0.479s] -- Detecting CXX compiler ABI info - done
[0.495s] -- Check for working CXX compiler: /usr/bin/c++ - skipped
[0.495s] -- Detecting CXX compile features
[0.497s] -- Detecting CXX compile features - done
[0.509s] -- Found ament_cmake: 1.3.12 (/opt/ros/humble/share/ament_cmake/cmake)
[0.765s] -- Found Python3: /usr/bin/python3 (found version "3.10.12") found components: Interpreter 
[0.883s] -- Override CMake install command with custom implementation using symlinks instead of copying resources
[1.069s] -- Configuring done
[1.074s] -- Generating done
[1.076s] -- Build files have been written to: /ROS2_humble/turtlebot3_ws/build/turtlebot3_bringup
[1.084s] Invoked command in '/ROS2_humble/turtlebot3_ws/build/turtlebot3_bringup' returned '0': AMENT_PREFIX_PATH=/ROS2_humble/turtlebot3_ws/install/turtlebot3_node:/ROS2_humble/turtlebot3_ws/install/turtlebot3_msgs:/ROS2_humble/turtlebot3_ws/install/turtlebot3_description:/ROS2_humble/turtlebot3_ws/install/dynamixel_sdk:${AMENT_PREFIX_PATH} CMAKE_PREFIX_PATH=/ROS2_humble/turtlebot3_ws/install/turtlebot3_node:/ROS2_humble/turtlebot3_ws/install/turtlebot3_msgs:/ROS2_humble/turtlebot3_ws/install/turtlebot3_description:/ROS2_humble/turtlebot3_ws/install/dynamixel_sdk:/opt/ros/humble LD_LIBRARY_PATH=/ROS2_humble/turtlebot3_ws/install/turtlebot3_msgs/lib:/ROS2_humble/turtlebot3_ws/install/dynamixel_sdk/lib:${LD_LIBRARY_PATH} PYTHONPATH=/ROS2_humble/turtlebot3_ws/install/turtlebot3_msgs/local/lib/python3.10/dist-packages:/ROS2_humble/turtlebot3_ws/install/dynamixel_sdk/local/lib/python3.10/dist-packages:${PYTHONPATH} /usr/bin/cmake /ROS2_humble/turtlebot3_ws/src/turtlebot3/turtlebot3_bringup -DAMENT_CMAKE_SYMLINK_INSTALL=1 -DCMAKE_INSTALL_PREFIX=/ROS2_humble/turtlebot3_ws/install/turtlebot3_bringup
[1.085s] Invoking command in '/ROS2_humble/turtlebot3_ws/build/turtlebot3_bringup': AMENT_PREFIX_PATH=/ROS2_humble/turtlebot3_ws/install/turtlebot3_node:/ROS2_humble/turtlebot3_ws/install/turtlebot3_msgs:/ROS2_humble/turtlebot3_ws/install/turtlebot3_description:/ROS2_humble/turtlebot3_ws/install/dynamixel_sdk:${AMENT_PREFIX_PATH} CMAKE_PREFIX_PATH=/ROS2_humble/turtlebot3_ws/install/turtlebot3_node:/ROS2_humble/turtlebot3_ws/install/turtlebot3_msgs:/ROS2_humble/turtlebot3_ws/install/turtlebot3_description:/ROS2_humble/turtlebot3_ws/install/dynamixel_sdk:/opt/ros/humble LD_LIBRARY_PATH=/ROS2_humble/turtlebot3_ws/install/turtlebot3_msgs/lib:/ROS2_humble/turtlebot3_ws/install/dynamixel_sdk/lib:${LD_LIBRARY_PATH} PYTHONPATH=/ROS2_humble/turtlebot3_ws/install/turtlebot3_msgs/local/lib/python3.10/dist-packages:/ROS2_humble/turtlebot3_ws/install/dynamixel_sdk/local/lib/python3.10/dist-packages:${PYTHONPATH} /usr/bin/cmake --build /ROS2_humble/turtlebot3_ws/build/turtlebot3_bringup -- -j12 -l12
[1.136s] Invoked command in '/ROS2_humble/turtlebot3_ws/build/turtlebot3_bringup' returned '0': AMENT_PREFIX_PATH=/ROS2_humble/turtlebot3_ws/install/turtlebot3_node:/ROS2_humble/turtlebot3_ws/install/turtlebot3_msgs:/ROS2_humble/turtlebot3_ws/install/turtlebot3_description:/ROS2_humble/turtlebot3_ws/install/dynamixel_sdk:${AMENT_PREFIX_PATH} CMAKE_PREFIX_PATH=/ROS2_humble/turtlebot3_ws/install/turtlebot3_node:/ROS2_humble/turtlebot3_ws/install/turtlebot3_msgs:/ROS2_humble/turtlebot3_ws/install/turtlebot3_description:/ROS2_humble/turtlebot3_ws/install/dynamixel_sdk:/opt/ros/humble LD_LIBRARY_PATH=/ROS2_humble/turtlebot3_ws/install/turtlebot3_msgs/lib:/ROS2_humble/turtlebot3_ws/install/dynamixel_sdk/lib:${LD_LIBRARY_PATH} PYTHONPATH=/ROS2_humble/turtlebot3_ws/install/turtlebot3_msgs/local/lib/python3.10/dist-packages:/ROS2_humble/turtlebot3_ws/install/dynamixel_sdk/local/lib/python3.10/dist-packages:${PYTHONPATH} /usr/bin/cmake --build /ROS2_humble/turtlebot3_ws/build/turtlebot3_bringup -- -j12 -l12
[1.138s] Invoking command in '/ROS2_humble/turtlebot3_ws/build/turtlebot3_bringup': AMENT_PREFIX_PATH=/ROS2_humble/turtlebot3_ws/install/turtlebot3_node:/ROS2_humble/turtlebot3_ws/install/turtlebot3_msgs:/ROS2_humble/turtlebot3_ws/install/turtlebot3_description:/ROS2_humble/turtlebot3_ws/install/dynamixel_sdk:${AMENT_PREFIX_PATH} CMAKE_PREFIX_PATH=/ROS2_humble/turtlebot3_ws/install/turtlebot3_node:/ROS2_humble/turtlebot3_ws/install/turtlebot3_msgs:/ROS2_humble/turtlebot3_ws/install/turtlebot3_description:/ROS2_humble/turtlebot3_ws/install/dynamixel_sdk:/opt/ros/humble LD_LIBRARY_PATH=/ROS2_humble/turtlebot3_ws/install/turtlebot3_msgs/lib:/ROS2_humble/turtlebot3_ws/install/dynamixel_sdk/lib:${LD_LIBRARY_PATH} PYTHONPATH=/ROS2_humble/turtlebot3_ws/install/turtlebot3_msgs/local/lib/python3.10/dist-packages:/ROS2_humble/turtlebot3_ws/install/dynamixel_sdk/local/lib/python3.10/dist-packages:${PYTHONPATH} /usr/bin/cmake --install /ROS2_humble/turtlebot3_ws/build/turtlebot3_bringup
[1.151s] -- Install configuration: ""
[1.152s] -- Execute custom install script
[1.153s] -- Symlinking: /ROS2_humble/turtlebot3_ws/install/turtlebot3_bringup/share/turtlebot3_bringup/launch/camera.launch.py
[1.172s] -- Symlinking: /ROS2_humble/turtlebot3_ws/install/turtlebot3_bringup/share/turtlebot3_bringup/launch/robot.launch.py
[1.186s] -- Symlinking: /ROS2_humble/turtlebot3_ws/install/turtlebot3_bringup/share/turtlebot3_bringup/launch/rviz2.launch.py
[1.203s] -- Symlinking: /ROS2_humble/turtlebot3_ws/install/turtlebot3_bringup/share/turtlebot3_bringup/launch/turtlebot3_state_publisher.launch.py
[1.213s] -- Symlinking: /ROS2_humble/turtlebot3_ws/install/turtlebot3_bringup/share/turtlebot3_bringup/param/burger.yaml
[1.225s] -- Symlinking: /ROS2_humble/turtlebot3_ws/install/turtlebot3_bringup/share/turtlebot3_bringup/param/humble/burger.yaml
[1.240s] -- Symlinking: /ROS2_humble/turtlebot3_ws/install/turtlebot3_bringup/share/turtlebot3_bringup/param/humble/waffle.yaml
[1.258s] -- Symlinking: /ROS2_humble/turtlebot3_ws/install/turtlebot3_bringup/share/turtlebot3_bringup/param/humble/waffle_pi.yaml
[1.275s] -- Symlinking: /ROS2_humble/turtlebot3_ws/install/turtlebot3_bringup/share/turtlebot3_bringup/param/waffle.yaml
[1.289s] -- Symlinking: /ROS2_humble/turtlebot3_ws/install/turtlebot3_bringup/share/turtlebot3_bringup/param/waffle_pi.yaml
[1.305s] -- Symlinking: /ROS2_humble/turtlebot3_ws/install/turtlebot3_bringup/share/turtlebot3_bringup/script/99-turtlebot3-cdc.rules
[1.315s] -- Symlinking: /ROS2_humble/turtlebot3_ws/install/turtlebot3_bringup/share/turtlebot3_bringup/script/create_udev_rules
[1.327s] -- Symlinking: /ROS2_humble/turtlebot3_ws/install/turtlebot3_bringup/share/ament_index/resource_index/package_run_dependencies/turtlebot3_bringup
[1.341s] -- Symlinking: /ROS2_humble/turtlebot3_ws/install/turtlebot3_bringup/share/ament_index/resource_index/parent_prefix_path/turtlebot3_bringup
[1.353s] -- Symlinking: /ROS2_humble/turtlebot3_ws/install/turtlebot3_bringup/share/turtlebot3_bringup/environment/ament_prefix_path.sh
[1.369s] -- Symlinking: /ROS2_humble/turtlebot3_ws/install/turtlebot3_bringup/share/turtlebot3_bringup/environment/ament_prefix_path.dsv
[1.387s] -- Symlinking: /ROS2_humble/turtlebot3_ws/install/turtlebot3_bringup/share/turtlebot3_bringup/environment/path.sh
[1.402s] -- Symlinking: /ROS2_humble/turtlebot3_ws/install/turtlebot3_bringup/share/turtlebot3_bringup/environment/path.dsv
[1.419s] -- Symlinking: /ROS2_humble/turtlebot3_ws/install/turtlebot3_bringup/share/turtlebot3_bringup/local_setup.bash
[1.431s] -- Symlinking: /ROS2_humble/turtlebot3_ws/install/turtlebot3_bringup/share/turtlebot3_bringup/local_setup.sh
[1.443s] -- Symlinking: /ROS2_humble/turtlebot3_ws/install/turtlebot3_bringup/share/turtlebot3_bringup/local_setup.zsh
[1.460s] -- Symlinking: /ROS2_humble/turtlebot3_ws/install/turtlebot3_bringup/share/turtlebot3_bringup/local_setup.dsv
[1.474s] -- Symlinking: /ROS2_humble/turtlebot3_ws/install/turtlebot3_bringup/share/turtlebot3_bringup/package.dsv
[1.490s] -- Symlinking: /ROS2_humble/turtlebot3_ws/install/turtlebot3_bringup/share/ament_index/resource_index/packages/turtlebot3_bringup
[1.503s] -- Symlinking: /ROS2_humble/turtlebot3_ws/install/turtlebot3_bringup/share/turtlebot3_bringup/cmake/turtlebot3_bringupConfig.cmake
[1.515s] -- Symlinking: /ROS2_humble/turtlebot3_ws/install/turtlebot3_bringup/share/turtlebot3_bringup/cmake/turtlebot3_bringupConfig-version.cmake
[1.525s] -- Symlinking: /ROS2_humble/turtlebot3_ws/install/turtlebot3_bringup/share/turtlebot3_bringup/package.xml
[1.538s] Invoked command in '/ROS2_humble/turtlebot3_ws/build/turtlebot3_bringup' returned '0': AMENT_PREFIX_PATH=/ROS2_humble/turtlebot3_ws/install/turtlebot3_node:/ROS2_humble/turtlebot3_ws/install/turtlebot3_msgs:/ROS2_humble/turtlebot3_ws/install/turtlebot3_description:/ROS2_humble/turtlebot3_ws/install/dynamixel_sdk:${AMENT_PREFIX_PATH} CMAKE_PREFIX_PATH=/ROS2_humble/turtlebot3_ws/install/turtlebot3_node:/ROS2_humble/turtlebot3_ws/install/turtlebot3_msgs:/ROS2_humble/turtlebot3_ws/install/turtlebot3_description:/ROS2_humble/turtlebot3_ws/install/dynamixel_sdk:/opt/ros/humble LD_LIBRARY_PATH=/ROS2_humble/turtlebot3_ws/install/turtlebot3_msgs/lib:/ROS2_humble/turtlebot3_ws/install/dynamixel_sdk/lib:${LD_LIBRARY_PATH} PYTHONPATH=/ROS2_humble/turtlebot3_ws/install/turtlebot3_msgs/local/lib/python3.10/dist-packages:/ROS2_humble/turtlebot3_ws/install/dynamixel_sdk/local/lib/python3.10/dist-packages:${PYTHONPATH} /usr/bin/cmake --install /ROS2_humble/turtlebot3_ws/build/turtlebot3_bringup
