[0.961s] Invoking command in '/ROS2_humble/turtlebot3_ws/build/turtlebot3_teleop': PYTHONPATH=/ROS2_humble/turtlebot3_ws/build/turtlebot3_teleop/prefix_override:/usr/lib/python3/dist-packages/colcon_core/task/python/colcon_distutils_commands:/ROS2_humble/turtlebot3_ws/install/turtlebot3_teleop/lib/python3.10/site-packages:${PYTHONPATH} /usr/bin/python3 -W ignore:setup.py install is deprecated -W ignore:easy_install command is deprecated setup.py develop --editable --build-directory /ROS2_humble/turtlebot3_ws/build/turtlebot3_teleop/build --no-deps symlink_data
[1.487s] running develop
[1.764s] running egg_info
[1.766s] creating turtlebot3_teleop.egg-info
[1.767s] writing turtlebot3_teleop.egg-info/PKG-INFO
[1.767s] writing dependency_links to turtlebot3_teleop.egg-info/dependency_links.txt
[1.767s] writing entry points to turtlebot3_teleop.egg-info/entry_points.txt
[1.767s] writing requirements to turtlebot3_teleop.egg-info/requires.txt
[1.767s] writing top-level names to turtlebot3_teleop.egg-info/top_level.txt
[1.767s] writing manifest file 'turtlebot3_teleop.egg-info/SOURCES.txt'
[1.771s] reading manifest file 'turtlebot3_teleop.egg-info/SOURCES.txt'
[1.772s] writing manifest file 'turtlebot3_teleop.egg-info/SOURCES.txt'
[1.776s] running build_ext
[1.776s] Creating /ROS2_humble/turtlebot3_ws/install/turtlebot3_teleop/lib/python3.10/site-packages/turtlebot3-teleop.egg-link (link to .)
[1.777s] Installing teleop_keyboard script to /ROS2_humble/turtlebot3_ws/install/turtlebot3_teleop/lib/turtlebot3_teleop
[1.777s] 
[1.778s] Installed /ROS2_humble/turtlebot3_ws/build/turtlebot3_teleop
[1.778s] running symlink_data
[1.778s] creating /ROS2_humble/turtlebot3_ws/install/turtlebot3_teleop/share/ament_index
[1.781s] creating /ROS2_humble/turtlebot3_ws/install/turtlebot3_teleop/share/ament_index/resource_index
[1.782s] creating /ROS2_humble/turtlebot3_ws/install/turtlebot3_teleop/share/ament_index/resource_index/packages
[1.782s] symbolically linking /ROS2_humble/turtlebot3_ws/build/turtlebot3_teleop/resource/turtlebot3_teleop -> /ROS2_humble/turtlebot3_ws/install/turtlebot3_teleop/share/ament_index/resource_index/packages
[1.782s] symbolically linking /ROS2_humble/turtlebot3_ws/build/turtlebot3_teleop/package.xml -> /ROS2_humble/turtlebot3_ws/install/turtlebot3_teleop/share/turtlebot3_teleop
[1.865s] Invoked command in '/ROS2_humble/turtlebot3_ws/build/turtlebot3_teleop' returned '0': PYTHONPATH=/ROS2_humble/turtlebot3_ws/build/turtlebot3_teleop/prefix_override:/usr/lib/python3/dist-packages/colcon_core/task/python/colcon_distutils_commands:/ROS2_humble/turtlebot3_ws/install/turtlebot3_teleop/lib/python3.10/site-packages:${PYTHONPATH} /usr/bin/python3 -W ignore:setup.py install is deprecated -W ignore:easy_install command is deprecated setup.py develop --editable --build-directory /ROS2_humble/turtlebot3_ws/build/turtlebot3_teleop/build --no-deps symlink_data
