[0.054s] Invoking command in '/ROS2_humble/turtlebot3_ws/build/turtlebot3_cartographer': /usr/bin/cmake --build /ROS2_humble/turtlebot3_ws/build/turtlebot3_cartographer -- -j12 -l12
[0.544s] Invoked command in '/ROS2_humble/turtlebot3_ws/build/turtlebot3_cartographer' returned '0': /usr/bin/cmake --build /ROS2_humble/turtlebot3_ws/build/turtlebot3_cartographer -- -j12 -l12
[0.550s] Invoking command in '/ROS2_humble/turtlebot3_ws/build/turtlebot3_cartographer': /usr/bin/cmake --install /ROS2_humble/turtlebot3_ws/build/turtlebot3_cartographer
[0.580s] -- Install configuration: ""
[0.580s] -- Execute custom install script
[0.584s] -- Up-to-date symlink: /ROS2_humble/turtlebot3_ws/install/turtlebot3_cartographer/share/turtlebot3_cartographer/config/turtlebot3_lds_2d.lua
[0.584s] -- Up-to-date symlink: /ROS2_humble/turtlebot3_ws/install/turtlebot3_cartographer/share/turtlebot3_cartographer/launch/cartographer.launch.py
[0.584s] -- Up-to-date symlink: /ROS2_humble/turtlebot3_ws/install/turtlebot3_cartographer/share/turtlebot3_cartographer/launch/occupancy_grid.launch.py
[0.587s] -- Up-to-date symlink: /ROS2_humble/turtlebot3_ws/install/turtlebot3_cartographer/share/turtlebot3_cartographer/rviz/tb3_cartographer.rviz
[0.587s] -- Up-to-date symlink: /ROS2_humble/turtlebot3_ws/install/turtlebot3_cartographer/share/ament_index/resource_index/package_run_dependencies/turtlebot3_cartographer
[0.587s] -- Up-to-date symlink: /ROS2_humble/turtlebot3_ws/install/turtlebot3_cartographer/share/ament_index/resource_index/parent_prefix_path/turtlebot3_cartographer
[0.587s] -- Up-to-date symlink: /ROS2_humble/turtlebot3_ws/install/turtlebot3_cartographer/share/turtlebot3_cartographer/environment/ament_prefix_path.sh
[0.588s] -- Up-to-date symlink: /ROS2_humble/turtlebot3_ws/install/turtlebot3_cartographer/share/turtlebot3_cartographer/environment/ament_prefix_path.dsv
[0.588s] -- Up-to-date symlink: /ROS2_humble/turtlebot3_ws/install/turtlebot3_cartographer/share/turtlebot3_cartographer/environment/path.sh
[0.592s] -- Up-to-date symlink: /ROS2_humble/turtlebot3_ws/install/turtlebot3_cartographer/share/turtlebot3_cartographer/environment/path.dsv
[0.592s] -- Up-to-date symlink: /ROS2_humble/turtlebot3_ws/install/turtlebot3_cartographer/share/turtlebot3_cartographer/local_setup.bash
[0.592s] -- Up-to-date symlink: /ROS2_humble/turtlebot3_ws/install/turtlebot3_cartographer/share/turtlebot3_cartographer/local_setup.sh
[0.592s] -- Up-to-date symlink: /ROS2_humble/turtlebot3_ws/install/turtlebot3_cartographer/share/turtlebot3_cartographer/local_setup.zsh
[0.592s] -- Up-to-date symlink: /ROS2_humble/turtlebot3_ws/install/turtlebot3_cartographer/share/turtlebot3_cartographer/local_setup.dsv
[0.592s] -- Symlinking: /ROS2_humble/turtlebot3_ws/install/turtlebot3_cartographer/share/turtlebot3_cartographer/package.dsv
[0.613s] -- Up-to-date symlink: /ROS2_humble/turtlebot3_ws/install/turtlebot3_cartographer/share/ament_index/resource_index/packages/turtlebot3_cartographer
[0.613s] -- Up-to-date symlink: /ROS2_humble/turtlebot3_ws/install/turtlebot3_cartographer/share/turtlebot3_cartographer/cmake/turtlebot3_cartographerConfig.cmake
[0.614s] -- Up-to-date symlink: /ROS2_humble/turtlebot3_ws/install/turtlebot3_cartographer/share/turtlebot3_cartographer/cmake/turtlebot3_cartographerConfig-version.cmake
[0.616s] -- Up-to-date symlink: /ROS2_humble/turtlebot3_ws/install/turtlebot3_cartographer/share/turtlebot3_cartographer/package.xml
[0.662s] Invoked command in '/ROS2_humble/turtlebot3_ws/build/turtlebot3_cartographer' returned '0': /usr/bin/cmake --install /ROS2_humble/turtlebot3_ws/build/turtlebot3_cartographer
