[0.371s] Invoking command in '/ROS2_humble/turtlebot3_ws/build/dynamixel_sdk_examples': AMENT_PREFIX_PATH=/ROS2_humble/turtlebot3_ws/install/dynamixel_sdk_custom_interfaces:/ROS2_humble/turtlebot3_ws/install/dynamixel_sdk:${AMENT_PREFIX_PATH} CMAKE_PREFIX_PATH=/ROS2_humble/turtlebot3_ws/install/dynamixel_sdk_custom_interfaces:/ROS2_humble/turtlebot3_ws/install/dynamixel_sdk:/opt/ros/humble LD_LIBRARY_PATH=/ROS2_humble/turtlebot3_ws/install/dynamixel_sdk_custom_interfaces/lib:/ROS2_humble/turtlebot3_ws/install/dynamixel_sdk/lib:${LD_LIBRARY_PATH} PYTHONPATH=/ROS2_humble/turtlebot3_ws/install/dynamixel_sdk_custom_interfaces/local/lib/python3.10/dist-packages:/ROS2_humble/turtlebot3_ws/install/dynamixel_sdk/local/lib/python3.10/dist-packages:${PYTHONPATH} /usr/bin/cmake --build /ROS2_humble/turtlebot3_ws/build/dynamixel_sdk_examples -- -j12 -l12
[0.423s] [35m[1mConsolidate compiler generated dependencies of target read_write_node[0m
[0.461s] [100%] Built target read_write_node
[0.477s] Invoked command in '/ROS2_humble/turtlebot3_ws/build/dynamixel_sdk_examples' returned '0': AMENT_PREFIX_PATH=/ROS2_humble/turtlebot3_ws/install/dynamixel_sdk_custom_interfaces:/ROS2_humble/turtlebot3_ws/install/dynamixel_sdk:${AMENT_PREFIX_PATH} CMAKE_PREFIX_PATH=/ROS2_humble/turtlebot3_ws/install/dynamixel_sdk_custom_interfaces:/ROS2_humble/turtlebot3_ws/install/dynamixel_sdk:/opt/ros/humble LD_LIBRARY_PATH=/ROS2_humble/turtlebot3_ws/install/dynamixel_sdk_custom_interfaces/lib:/ROS2_humble/turtlebot3_ws/install/dynamixel_sdk/lib:${LD_LIBRARY_PATH} PYTHONPATH=/ROS2_humble/turtlebot3_ws/install/dynamixel_sdk_custom_interfaces/local/lib/python3.10/dist-packages:/ROS2_humble/turtlebot3_ws/install/dynamixel_sdk/local/lib/python3.10/dist-packages:${PYTHONPATH} /usr/bin/cmake --build /ROS2_humble/turtlebot3_ws/build/dynamixel_sdk_examples -- -j12 -l12
[0.482s] Invoking command in '/ROS2_humble/turtlebot3_ws/build/dynamixel_sdk_examples': AMENT_PREFIX_PATH=/ROS2_humble/turtlebot3_ws/install/dynamixel_sdk_custom_interfaces:/ROS2_humble/turtlebot3_ws/install/dynamixel_sdk:${AMENT_PREFIX_PATH} CMAKE_PREFIX_PATH=/ROS2_humble/turtlebot3_ws/install/dynamixel_sdk_custom_interfaces:/ROS2_humble/turtlebot3_ws/install/dynamixel_sdk:/opt/ros/humble LD_LIBRARY_PATH=/ROS2_humble/turtlebot3_ws/install/dynamixel_sdk_custom_interfaces/lib:/ROS2_humble/turtlebot3_ws/install/dynamixel_sdk/lib:${LD_LIBRARY_PATH} PYTHONPATH=/ROS2_humble/turtlebot3_ws/install/dynamixel_sdk_custom_interfaces/local/lib/python3.10/dist-packages:/ROS2_humble/turtlebot3_ws/install/dynamixel_sdk/local/lib/python3.10/dist-packages:${PYTHONPATH} /usr/bin/cmake --install /ROS2_humble/turtlebot3_ws/build/dynamixel_sdk_examples
[0.494s] -- Install configuration: ""
[0.495s] -- Execute custom install script
[0.495s] -- Up-to-date symlink: /ROS2_humble/turtlebot3_ws/install/dynamixel_sdk_examples/lib/dynamixel_sdk_examples/read_write_node
[0.496s] -- Up-to-date symlink: /ROS2_humble/turtlebot3_ws/install/dynamixel_sdk_examples/lib/dynamixel_sdk_examples/read_write_node.py
[0.496s] -- Up-to-date symlink: /ROS2_humble/turtlebot3_ws/install/dynamixel_sdk_examples/share/ament_index/resource_index/package_run_dependencies/dynamixel_sdk_examples
[0.496s] -- Up-to-date symlink: /ROS2_humble/turtlebot3_ws/install/dynamixel_sdk_examples/share/ament_index/resource_index/parent_prefix_path/dynamixel_sdk_examples
[0.497s] -- Up-to-date symlink: /ROS2_humble/turtlebot3_ws/install/dynamixel_sdk_examples/share/dynamixel_sdk_examples/environment/ament_prefix_path.sh
[0.497s] -- Up-to-date symlink: /ROS2_humble/turtlebot3_ws/install/dynamixel_sdk_examples/share/dynamixel_sdk_examples/environment/ament_prefix_path.dsv
[0.498s] -- Up-to-date symlink: /ROS2_humble/turtlebot3_ws/install/dynamixel_sdk_examples/share/dynamixel_sdk_examples/environment/path.sh
[0.498s] -- Up-to-date symlink: /ROS2_humble/turtlebot3_ws/install/dynamixel_sdk_examples/share/dynamixel_sdk_examples/environment/path.dsv
[0.498s] -- Up-to-date symlink: /ROS2_humble/turtlebot3_ws/install/dynamixel_sdk_examples/share/dynamixel_sdk_examples/local_setup.bash
[0.498s] -- Up-to-date symlink: /ROS2_humble/turtlebot3_ws/install/dynamixel_sdk_examples/share/dynamixel_sdk_examples/local_setup.sh
[0.498s] -- Up-to-date symlink: /ROS2_humble/turtlebot3_ws/install/dynamixel_sdk_examples/share/dynamixel_sdk_examples/local_setup.zsh
[0.498s] -- Up-to-date symlink: /ROS2_humble/turtlebot3_ws/install/dynamixel_sdk_examples/share/dynamixel_sdk_examples/local_setup.dsv
[0.498s] -- Symlinking: /ROS2_humble/turtlebot3_ws/install/dynamixel_sdk_examples/share/dynamixel_sdk_examples/package.dsv
[0.514s] -- Up-to-date symlink: /ROS2_humble/turtlebot3_ws/install/dynamixel_sdk_examples/share/ament_index/resource_index/packages/dynamixel_sdk_examples
[0.514s] -- Up-to-date symlink: /ROS2_humble/turtlebot3_ws/install/dynamixel_sdk_examples/share/dynamixel_sdk_examples/cmake/dynamixel_sdk_examplesConfig.cmake
[0.514s] -- Up-to-date symlink: /ROS2_humble/turtlebot3_ws/install/dynamixel_sdk_examples/share/dynamixel_sdk_examples/cmake/dynamixel_sdk_examplesConfig-version.cmake
[0.515s] -- Up-to-date symlink: /ROS2_humble/turtlebot3_ws/install/dynamixel_sdk_examples/share/dynamixel_sdk_examples/package.xml
[0.518s] Invoked command in '/ROS2_humble/turtlebot3_ws/build/dynamixel_sdk_examples' returned '0': AMENT_PREFIX_PATH=/ROS2_humble/turtlebot3_ws/install/dynamixel_sdk_custom_interfaces:/ROS2_humble/turtlebot3_ws/install/dynamixel_sdk:${AMENT_PREFIX_PATH} CMAKE_PREFIX_PATH=/ROS2_humble/turtlebot3_ws/install/dynamixel_sdk_custom_interfaces:/ROS2_humble/turtlebot3_ws/install/dynamixel_sdk:/opt/ros/humble LD_LIBRARY_PATH=/ROS2_humble/turtlebot3_ws/install/dynamixel_sdk_custom_interfaces/lib:/ROS2_humble/turtlebot3_ws/install/dynamixel_sdk/lib:${LD_LIBRARY_PATH} PYTHONPATH=/ROS2_humble/turtlebot3_ws/install/dynamixel_sdk_custom_interfaces/local/lib/python3.10/dist-packages:/ROS2_humble/turtlebot3_ws/install/dynamixel_sdk/local/lib/python3.10/dist-packages:${PYTHONPATH} /usr/bin/cmake --install /ROS2_humble/turtlebot3_ws/build/dynamixel_sdk_examples
