[0.376s] Invoking command in '/ROS2_humble/turtlebot3_ws/build/turtlebot3_node': AMENT_PREFIX_PATH=/ROS2_humble/turtlebot3_ws/install/turtlebot3_msgs:/ROS2_humble/turtlebot3_ws/install/dynamixel_sdk:${AMENT_PREFIX_PATH} CMAKE_PREFIX_PATH=/ROS2_humble/turtlebot3_ws/install/turtlebot3_msgs:/ROS2_humble/turtlebot3_ws/install/dynamixel_sdk:/opt/ros/humble LD_LIBRARY_PATH=/ROS2_humble/turtlebot3_ws/install/turtlebot3_msgs/lib:/ROS2_humble/turtlebot3_ws/install/dynamixel_sdk/lib:${LD_LIBRARY_PATH} PYTHONPATH=/ROS2_humble/turtlebot3_ws/install/turtlebot3_msgs/local/lib/python3.10/dist-packages:/ROS2_humble/turtlebot3_ws/install/dynamixel_sdk/local/lib/python3.10/dist-packages:${PYTHONPATH} /usr/bin/cmake --build /ROS2_humble/turtlebot3_ws/build/turtlebot3_node -- -j12 -l12
[0.470s] [35m[1mConsolidate compiler generated dependencies of target turtlebot3_node_lib[0m
[0.517s] [ 85%] Built target turtlebot3_node_lib
[0.534s] [35m[1mConsolidate compiler generated dependencies of target turtlebot3_ros[0m
[0.566s] [100%] Built target turtlebot3_ros
[0.582s] Invoked command in '/ROS2_humble/turtlebot3_ws/build/turtlebot3_node' returned '0': AMENT_PREFIX_PATH=/ROS2_humble/turtlebot3_ws/install/turtlebot3_msgs:/ROS2_humble/turtlebot3_ws/install/dynamixel_sdk:${AMENT_PREFIX_PATH} CMAKE_PREFIX_PATH=/ROS2_humble/turtlebot3_ws/install/turtlebot3_msgs:/ROS2_humble/turtlebot3_ws/install/dynamixel_sdk:/opt/ros/humble LD_LIBRARY_PATH=/ROS2_humble/turtlebot3_ws/install/turtlebot3_msgs/lib:/ROS2_humble/turtlebot3_ws/install/dynamixel_sdk/lib:${LD_LIBRARY_PATH} PYTHONPATH=/ROS2_humble/turtlebot3_ws/install/turtlebot3_msgs/local/lib/python3.10/dist-packages:/ROS2_humble/turtlebot3_ws/install/dynamixel_sdk/local/lib/python3.10/dist-packages:${PYTHONPATH} /usr/bin/cmake --build /ROS2_humble/turtlebot3_ws/build/turtlebot3_node -- -j12 -l12
[0.584s] Invoking command in '/ROS2_humble/turtlebot3_ws/build/turtlebot3_node': AMENT_PREFIX_PATH=/ROS2_humble/turtlebot3_ws/install/turtlebot3_msgs:/ROS2_humble/turtlebot3_ws/install/dynamixel_sdk:${AMENT_PREFIX_PATH} CMAKE_PREFIX_PATH=/ROS2_humble/turtlebot3_ws/install/turtlebot3_msgs:/ROS2_humble/turtlebot3_ws/install/dynamixel_sdk:/opt/ros/humble LD_LIBRARY_PATH=/ROS2_humble/turtlebot3_ws/install/turtlebot3_msgs/lib:/ROS2_humble/turtlebot3_ws/install/dynamixel_sdk/lib:${LD_LIBRARY_PATH} PYTHONPATH=/ROS2_humble/turtlebot3_ws/install/turtlebot3_msgs/local/lib/python3.10/dist-packages:/ROS2_humble/turtlebot3_ws/install/dynamixel_sdk/local/lib/python3.10/dist-packages:${PYTHONPATH} /usr/bin/cmake --install /ROS2_humble/turtlebot3_ws/build/turtlebot3_node
[0.597s] -- Install configuration: ""
[0.597s] -- Execute custom install script
[0.598s] -- Up-to-date symlink: /ROS2_humble/turtlebot3_ws/install/turtlebot3_node/share/turtlebot3_node/param/burger.yaml
[0.598s] -- Up-to-date symlink: /ROS2_humble/turtlebot3_ws/install/turtlebot3_node/share/turtlebot3_node/param/waffle.yaml
[0.599s] -- Up-to-date symlink: /ROS2_humble/turtlebot3_ws/install/turtlebot3_node/share/turtlebot3_node/param/waffle_pi.yaml
[0.600s] -- Up-to-date symlink: /ROS2_humble/turtlebot3_ws/install/turtlebot3_node/lib/turtlebot3_node/turtlebot3_ros
[0.601s] -- Up-to-date symlink: /ROS2_humble/turtlebot3_ws/install/turtlebot3_node/share/ament_index/resource_index/package_run_dependencies/turtlebot3_node
[0.601s] -- Up-to-date symlink: /ROS2_humble/turtlebot3_ws/install/turtlebot3_node/share/ament_index/resource_index/parent_prefix_path/turtlebot3_node
[0.601s] -- Up-to-date symlink: /ROS2_humble/turtlebot3_ws/install/turtlebot3_node/share/turtlebot3_node/environment/ament_prefix_path.sh
[0.601s] -- Up-to-date symlink: /ROS2_humble/turtlebot3_ws/install/turtlebot3_node/share/turtlebot3_node/environment/ament_prefix_path.dsv
[0.601s] -- Up-to-date symlink: /ROS2_humble/turtlebot3_ws/install/turtlebot3_node/share/turtlebot3_node/environment/path.sh
[0.601s] -- Up-to-date symlink: /ROS2_humble/turtlebot3_ws/install/turtlebot3_node/share/turtlebot3_node/environment/path.dsv
[0.601s] -- Up-to-date symlink: /ROS2_humble/turtlebot3_ws/install/turtlebot3_node/share/turtlebot3_node/local_setup.bash
[0.601s] -- Up-to-date symlink: /ROS2_humble/turtlebot3_ws/install/turtlebot3_node/share/turtlebot3_node/local_setup.sh
[0.601s] -- Up-to-date symlink: /ROS2_humble/turtlebot3_ws/install/turtlebot3_node/share/turtlebot3_node/local_setup.zsh
[0.601s] -- Up-to-date symlink: /ROS2_humble/turtlebot3_ws/install/turtlebot3_node/share/turtlebot3_node/local_setup.dsv
[0.601s] -- Symlinking: /ROS2_humble/turtlebot3_ws/install/turtlebot3_node/share/turtlebot3_node/package.dsv
[0.616s] -- Up-to-date symlink: /ROS2_humble/turtlebot3_ws/install/turtlebot3_node/share/ament_index/resource_index/packages/turtlebot3_node
[0.616s] -- Up-to-date symlink: /ROS2_humble/turtlebot3_ws/install/turtlebot3_node/share/turtlebot3_node/cmake/ament_cmake_export_dependencies-extras.cmake
[0.616s] -- Up-to-date symlink: /ROS2_humble/turtlebot3_ws/install/turtlebot3_node/share/turtlebot3_node/cmake/ament_cmake_export_include_directories-extras.cmake
[0.616s] -- Up-to-date symlink: /ROS2_humble/turtlebot3_ws/install/turtlebot3_node/share/turtlebot3_node/cmake/turtlebot3_nodeConfig.cmake
[0.617s] -- Up-to-date symlink: /ROS2_humble/turtlebot3_ws/install/turtlebot3_node/share/turtlebot3_node/cmake/turtlebot3_nodeConfig-version.cmake
[0.617s] -- Up-to-date symlink: /ROS2_humble/turtlebot3_ws/install/turtlebot3_node/share/turtlebot3_node/package.xml
[0.623s] Invoked command in '/ROS2_humble/turtlebot3_ws/build/turtlebot3_node' returned '0': AMENT_PREFIX_PATH=/ROS2_humble/turtlebot3_ws/install/turtlebot3_msgs:/ROS2_humble/turtlebot3_ws/install/dynamixel_sdk:${AMENT_PREFIX_PATH} CMAKE_PREFIX_PATH=/ROS2_humble/turtlebot3_ws/install/turtlebot3_msgs:/ROS2_humble/turtlebot3_ws/install/dynamixel_sdk:/opt/ros/humble LD_LIBRARY_PATH=/ROS2_humble/turtlebot3_ws/install/turtlebot3_msgs/lib:/ROS2_humble/turtlebot3_ws/install/dynamixel_sdk/lib:${LD_LIBRARY_PATH} PYTHONPATH=/ROS2_humble/turtlebot3_ws/install/turtlebot3_msgs/local/lib/python3.10/dist-packages:/ROS2_humble/turtlebot3_ws/install/dynamixel_sdk/local/lib/python3.10/dist-packages:${PYTHONPATH} /usr/bin/cmake --install /ROS2_humble/turtlebot3_ws/build/turtlebot3_node
