[0.017s] Invoking command in '/ly_ROS2_humble/ros2_ws/build/my_service_interfaces': CMAKE_PREFIX_PATH=${CMAKE_PREFIX_PATH}:/ly_ROS2_humble/ros2_ws/install/my_service_server:/ly_ROS2_humble/ros2_ws/install/talker:/ly_ROS2_humble/ros2_ws/install/listener:/ly_ROS2_humble/turtlebot3_ws/install/turtlebot3_teleop:/ly_ROS2_humble/turtlebot3_ws/install/turtlebot3_example:/opt/ros/humble /usr/bin/cmake /ly_ROS2_humble/ros2_ws/src/my_service_interfaces -DCMAKE_INSTALL_PREFIX=/ly_ROS2_humble/ros2_ws/install/my_service_interfaces
[0.140s] -- The C compiler identification is GNU 11.4.0
[0.245s] -- The CXX compiler identification is GNU 11.4.0
[0.260s] -- Detecting C compiler ABI info
[0.381s] -- Detecting C compiler ABI info - done
[0.397s] -- Check for working C compiler: /usr/bin/cc - skipped
[0.397s] -- Detecting C compile features
[0.398s] -- Detecting C compile features - done
[0.404s] -- Detecting CXX compiler ABI info
[0.580s] -- Detecting CXX compiler ABI info - done
[0.592s] -- Check for working CXX compiler: /usr/bin/c++ - skipped
[0.592s] -- Detecting CXX compile features
[0.593s] -- Detecting CXX compile features - done
[0.598s] -- Found ament_cmake: 1.3.12 (/opt/ros/humble/share/ament_cmake/cmake)
[0.856s] -- Found Python3: /usr/bin/python3 (found version "3.10.12") found components: Interpreter 
[1.111s] -- Found rosidl_default_generators: 1.2.0 (/opt/ros/humble/share/rosidl_default_generators/cmake)
[1.119s] -- Using all available rosidl_typesupport_c: rosidl_typesupport_fastrtps_c;rosidl_typesupport_introspection_c
[1.138s] -- Found rosidl_adapter: 3.1.8 (/opt/ros/humble/share/rosidl_adapter/cmake)
[1.228s] -- Using all available rosidl_typesupport_cpp: rosidl_typesupport_fastrtps_cpp;rosidl_typesupport_introspection_cpp
[1.304s] -- Found builtin_interfaces: 1.2.2 (/opt/ros/humble/share/builtin_interfaces/cmake)
[1.734s] -- Found ament_cmake_ros: 0.10.0 (/opt/ros/humble/share/ament_cmake_ros/cmake)
[2.074s] -- Using all available rosidl_typesupport_c: rosidl_typesupport_fastrtps_c;rosidl_typesupport_introspection_c
[2.560s] -- Using all available rosidl_typesupport_cpp: rosidl_typesupport_fastrtps_cpp;rosidl_typesupport_introspection_cpp
[2.599s] -- Found PythonInterp: /usr/bin/python3 (found suitable version "3.10.12", minimum required is "3.6") 
[2.605s] -- Found python_cmake_module: 0.10.0 (/opt/ros/humble/share/python_cmake_module/cmake)
[2.639s] -- Found PythonLibs: /usr/lib/x86_64-linux-gnu/libpython3.10.so (found suitable version "3.10.12", minimum required is "3.5") 
[2.639s] -- Using PYTHON_EXECUTABLE: /usr/bin/python3
[2.639s] -- Using PYTHON_INCLUDE_DIRS: /usr/include/python3.10
[2.639s] -- Using PYTHON_LIBRARIES: /usr/lib/x86_64-linux-gnu/libpython3.10.so
[2.684s] -- Found PythonExtra: .so  
[2.738s] -- Found ament_lint_auto: 0.12.14 (/opt/ros/humble/share/ament_lint_auto/cmake)
[2.819s] -- Added test 'lint_cmake' to check CMake code style
[2.821s] -- Added test 'xmllint' to check XML markup files
[2.826s] -- Configuring done
[2.878s] -- Generating done
[2.899s] -- Build files have been written to: /ly_ROS2_humble/ros2_ws/build/my_service_interfaces
[2.907s] Invoked command in '/ly_ROS2_humble/ros2_ws/build/my_service_interfaces' returned '0': CMAKE_PREFIX_PATH=${CMAKE_PREFIX_PATH}:/ly_ROS2_humble/ros2_ws/install/my_service_server:/ly_ROS2_humble/ros2_ws/install/talker:/ly_ROS2_humble/ros2_ws/install/listener:/ly_ROS2_humble/turtlebot3_ws/install/turtlebot3_teleop:/ly_ROS2_humble/turtlebot3_ws/install/turtlebot3_example:/opt/ros/humble /usr/bin/cmake /ly_ROS2_humble/ros2_ws/src/my_service_interfaces -DCMAKE_INSTALL_PREFIX=/ly_ROS2_humble/ros2_ws/install/my_service_interfaces
[2.909s] Invoking command in '/ly_ROS2_humble/ros2_ws/build/my_service_interfaces': CMAKE_PREFIX_PATH=${CMAKE_PREFIX_PATH}:/ly_ROS2_humble/ros2_ws/install/my_service_server:/ly_ROS2_humble/ros2_ws/install/talker:/ly_ROS2_humble/ros2_ws/install/listener:/ly_ROS2_humble/turtlebot3_ws/install/turtlebot3_teleop:/ly_ROS2_humble/turtlebot3_ws/install/turtlebot3_example:/opt/ros/humble /usr/bin/cmake --build /ly_ROS2_humble/ros2_ws/build/my_service_interfaces -- -j12 -l12
[2.989s] [  3%] [34m[1mGenerating C code for ROS interfaces[0m
[3.005s] [  6%] [34m[1mGenerating C++ code for ROS interfaces[0m
[3.012s] [  6%] Built target ament_cmake_python_copy_my_service_interfaces
[3.335s] running egg_info
[3.336s] creating my_service_interfaces.egg-info
[3.336s] writing my_service_interfaces.egg-info/PKG-INFO
[3.337s] writing dependency_links to my_service_interfaces.egg-info/dependency_links.txt
[3.337s] writing top-level names to my_service_interfaces.egg-info/top_level.txt
[3.337s] writing manifest file 'my_service_interfaces.egg-info/SOURCES.txt'
[3.339s] reading manifest file 'my_service_interfaces.egg-info/SOURCES.txt'
[3.340s] writing manifest file 'my_service_interfaces.egg-info/SOURCES.txt'
[3.381s] [  6%] Built target my_service_interfaces__cpp
[3.383s] [  6%] Built target ament_cmake_python_build_my_service_interfaces_egg
[3.396s] [  9%] [34m[1mGenerating C++ introspection for ROS interfaces[0m
[3.396s] [ 12%] [34m[1mGenerating C++ type support dispatch for ROS interfaces[0m
[3.398s] [ 16%] [34m[1mGenerating C++ type support for eProsima Fast-RTPS[0m
[3.422s] [ 19%] [32mBuilding C object CMakeFiles/my_service_interfaces__rosidl_generator_c.dir/rosidl_generator_c/my_service_interfaces/srv/detail/set_velocity__functions.c.o[0m
[3.529s] [ 22%] [32m[1mLinking C shared library libmy_service_interfaces__rosidl_generator_c.so[0m
[3.590s] [ 22%] Built target my_service_interfaces__rosidl_generator_c
[3.603s] [ 25%] [34m[1mGenerating C introspection for ROS interfaces[0m
[3.604s] [ 29%] [34m[1mGenerating C type support dispatch for ROS interfaces[0m
[3.608s] [ 32%] [34m[1mGenerating C type support for eProsima Fast-RTPS[0m
[3.715s] [ 35%] [32mBuilding CXX object CMakeFiles/my_service_interfaces__rosidl_typesupport_cpp.dir/rosidl_typesupport_cpp/my_service_interfaces/srv/set_velocity__type_support.cpp.o[0m
[3.761s] [ 38%] [32mBuilding CXX object CMakeFiles/my_service_interfaces__rosidl_typesupport_introspection_cpp.dir/rosidl_typesupport_introspection_cpp/my_service_interfaces/srv/detail/set_velocity__type_support.cpp.o[0m
[3.809s] [ 41%] [32mBuilding CXX object CMakeFiles/my_service_interfaces__rosidl_typesupport_fastrtps_cpp.dir/rosidl_typesupport_fastrtps_cpp/my_service_interfaces/srv/detail/dds_fastrtps/set_velocity__type_support.cpp.o[0m
[3.942s] [ 45%] [32mBuilding CXX object CMakeFiles/my_service_interfaces__rosidl_typesupport_c.dir/rosidl_typesupport_c/my_service_interfaces/srv/set_velocity__type_support.cpp.o[0m
[3.995s] [ 48%] [32m[1mLinking CXX shared library libmy_service_interfaces__rosidl_typesupport_c.so[0m
[4.032s] [ 51%] [32mBuilding CXX object CMakeFiles/my_service_interfaces__rosidl_typesupport_fastrtps_c.dir/rosidl_typesupport_fastrtps_c/my_service_interfaces/srv/detail/set_velocity__type_support_c.cpp.o[0m
[4.057s] [ 51%] Built target my_service_interfaces__rosidl_typesupport_c
[4.087s] [ 54%] [32mBuilding C object CMakeFiles/my_service_interfaces__rosidl_typesupport_introspection_c.dir/rosidl_typesupport_introspection_c/my_service_interfaces/srv/detail/set_velocity__type_support.c.o[0m
[4.133s] [ 58%] [32m[1mLinking C shared library libmy_service_interfaces__rosidl_typesupport_introspection_c.so[0m
[4.138s] [ 61%] [32m[1mLinking CXX shared library libmy_service_interfaces__rosidl_typesupport_cpp.so[0m
[4.184s] [ 61%] Built target my_service_interfaces__rosidl_typesupport_introspection_c
[4.212s] [ 61%] Built target my_service_interfaces__rosidl_typesupport_cpp
[4.301s] [ 64%] [32m[1mLinking CXX shared library libmy_service_interfaces__rosidl_typesupport_introspection_cpp.so[0m
[4.404s] [ 64%] Built target my_service_interfaces__rosidl_typesupport_introspection_cpp
[4.446s] [ 67%] [32m[1mLinking CXX shared library libmy_service_interfaces__rosidl_typesupport_fastrtps_cpp.so[0m
[4.483s] [ 70%] [32m[1mLinking CXX shared library libmy_service_interfaces__rosidl_typesupport_fastrtps_c.so[0m
[4.551s] [ 70%] Built target my_service_interfaces__rosidl_typesupport_fastrtps_cpp
[4.592s] [ 70%] Built target my_service_interfaces__rosidl_typesupport_fastrtps_c
[4.623s] [ 70%] Built target my_service_interfaces
[4.668s] [ 74%] [34m[1mGenerating Python code for ROS interfaces[0m
[5.109s] [ 74%] Built target my_service_interfaces__py
[5.150s] [ 77%] [32mBuilding C object CMakeFiles/my_service_interfaces__rosidl_generator_py.dir/rosidl_generator_py/my_service_interfaces/srv/_set_velocity_s.c.o[0m
[5.327s] [ 80%] [32m[1mLinking C shared library rosidl_generator_py/my_service_interfaces/libmy_service_interfaces__rosidl_generator_py.so[0m
[5.412s] [ 80%] Built target my_service_interfaces__rosidl_generator_py
[5.452s] [ 83%] [32mBuilding C object CMakeFiles/my_service_interfaces__rosidl_typesupport_c__pyext.dir/rosidl_generator_py/my_service_interfaces/_my_service_interfaces_s.ep.rosidl_typesupport_c.c.o[0m
[5.457s] [ 87%] [32mBuilding C object CMakeFiles/my_service_interfaces__rosidl_typesupport_introspection_c__pyext.dir/rosidl_generator_py/my_service_interfaces/_my_service_interfaces_s.ep.rosidl_typesupport_introspection_c.c.o[0m
[5.457s] [ 90%] [32mBuilding C object CMakeFiles/my_service_interfaces__rosidl_typesupport_fastrtps_c__pyext.dir/rosidl_generator_py/my_service_interfaces/_my_service_interfaces_s.ep.rosidl_typesupport_fastrtps_c.c.o[0m
[5.604s] [ 93%] [32m[1mLinking C shared library rosidl_generator_py/my_service_interfaces/my_service_interfaces_s__rosidl_typesupport_c.cpython-310-x86_64-linux-gnu.so[0m
[5.605s] [ 96%] [32m[1mLinking C shared library rosidl_generator_py/my_service_interfaces/my_service_interfaces_s__rosidl_typesupport_fastrtps_c.cpython-310-x86_64-linux-gnu.so[0m
[5.608s] [100%] [32m[1mLinking C shared library rosidl_generator_py/my_service_interfaces/my_service_interfaces_s__rosidl_typesupport_introspection_c.cpython-310-x86_64-linux-gnu.so[0m
[5.653s] [100%] Built target my_service_interfaces__rosidl_typesupport_fastrtps_c__pyext
[5.659s] [100%] Built target my_service_interfaces__rosidl_typesupport_c__pyext
[5.661s] [100%] Built target my_service_interfaces__rosidl_typesupport_introspection_c__pyext
[5.689s] Invoked command in '/ly_ROS2_humble/ros2_ws/build/my_service_interfaces' returned '0': CMAKE_PREFIX_PATH=${CMAKE_PREFIX_PATH}:/ly_ROS2_humble/ros2_ws/install/my_service_server:/ly_ROS2_humble/ros2_ws/install/talker:/ly_ROS2_humble/ros2_ws/install/listener:/ly_ROS2_humble/turtlebot3_ws/install/turtlebot3_teleop:/ly_ROS2_humble/turtlebot3_ws/install/turtlebot3_example:/opt/ros/humble /usr/bin/cmake --build /ly_ROS2_humble/ros2_ws/build/my_service_interfaces -- -j12 -l12
[5.700s] Invoking command in '/ly_ROS2_humble/ros2_ws/build/my_service_interfaces': CMAKE_PREFIX_PATH=${CMAKE_PREFIX_PATH}:/ly_ROS2_humble/ros2_ws/install/my_service_server:/ly_ROS2_humble/ros2_ws/install/talker:/ly_ROS2_humble/ros2_ws/install/listener:/ly_ROS2_humble/turtlebot3_ws/install/turtlebot3_teleop:/ly_ROS2_humble/turtlebot3_ws/install/turtlebot3_example:/opt/ros/humble /usr/bin/cmake --install /ly_ROS2_humble/ros2_ws/build/my_service_interfaces
[5.711s] -- Install configuration: ""
[5.711s] -- Installing: /ly_ROS2_humble/ros2_ws/install/my_service_interfaces/share/ament_index/resource_index/rosidl_interfaces/my_service_interfaces
[5.711s] -- Installing: /ly_ROS2_humble/ros2_ws/install/my_service_interfaces/include/my_service_interfaces/my_service_interfaces
[5.712s] -- Installing: /ly_ROS2_humble/ros2_ws/install/my_service_interfaces/include/my_service_interfaces/my_service_interfaces/srv
[5.712s] -- Installing: /ly_ROS2_humble/ros2_ws/install/my_service_interfaces/include/my_service_interfaces/my_service_interfaces/srv/detail
[5.712s] -- Installing: /ly_ROS2_humble/ros2_ws/install/my_service_interfaces/include/my_service_interfaces/my_service_interfaces/srv/detail/set_velocity__functions.h
[5.712s] -- Installing: /ly_ROS2_humble/ros2_ws/install/my_service_interfaces/include/my_service_interfaces/my_service_interfaces/srv/detail/set_velocity__functions.c
[5.712s] -- Installing: /ly_ROS2_humble/ros2_ws/install/my_service_interfaces/include/my_service_interfaces/my_service_interfaces/srv/detail/set_velocity__type_support.h
[5.712s] -- Installing: /ly_ROS2_humble/ros2_ws/install/my_service_interfaces/include/my_service_interfaces/my_service_interfaces/srv/detail/set_velocity__struct.h
[5.712s] -- Installing: /ly_ROS2_humble/ros2_ws/install/my_service_interfaces/include/my_service_interfaces/my_service_interfaces/srv/set_velocity.h
[5.713s] -- Installing: /ly_ROS2_humble/ros2_ws/install/my_service_interfaces/include/my_service_interfaces/my_service_interfaces/msg
[5.713s] -- Installing: /ly_ROS2_humble/ros2_ws/install/my_service_interfaces/include/my_service_interfaces/my_service_interfaces/msg/rosidl_generator_c__visibility_control.h
[5.713s] -- Installing: /ly_ROS2_humble/ros2_ws/install/my_service_interfaces/share/my_service_interfaces/environment/library_path.sh
[5.713s] -- Installing: /ly_ROS2_humble/ros2_ws/install/my_service_interfaces/share/my_service_interfaces/environment/library_path.dsv
[5.713s] -- Installing: /ly_ROS2_humble/ros2_ws/install/my_service_interfaces/lib/libmy_service_interfaces__rosidl_generator_c.so
[5.713s] -- Set runtime path of "/ly_ROS2_humble/ros2_ws/install/my_service_interfaces/lib/libmy_service_interfaces__rosidl_generator_c.so" to ""
[5.714s] -- Up-to-date: /ly_ROS2_humble/ros2_ws/install/my_service_interfaces/include/my_service_interfaces/my_service_interfaces
[5.714s] -- Up-to-date: /ly_ROS2_humble/ros2_ws/install/my_service_interfaces/include/my_service_interfaces/my_service_interfaces/srv
[5.714s] -- Up-to-date: /ly_ROS2_humble/ros2_ws/install/my_service_interfaces/include/my_service_interfaces/my_service_interfaces/srv/detail
[5.714s] -- Installing: /ly_ROS2_humble/ros2_ws/install/my_service_interfaces/include/my_service_interfaces/my_service_interfaces/srv/detail/set_velocity__rosidl_typesupport_fastrtps_c.h
[5.714s] -- Up-to-date: /ly_ROS2_humble/ros2_ws/install/my_service_interfaces/include/my_service_interfaces/my_service_interfaces/msg
[5.715s] -- Installing: /ly_ROS2_humble/ros2_ws/install/my_service_interfaces/include/my_service_interfaces/my_service_interfaces/msg/rosidl_typesupport_fastrtps_c__visibility_control.h
[5.715s] -- Installing: /ly_ROS2_humble/ros2_ws/install/my_service_interfaces/lib/libmy_service_interfaces__rosidl_typesupport_fastrtps_c.so
[5.715s] -- Set runtime path of "/ly_ROS2_humble/ros2_ws/install/my_service_interfaces/lib/libmy_service_interfaces__rosidl_typesupport_fastrtps_c.so" to ""
[5.715s] -- Up-to-date: /ly_ROS2_humble/ros2_ws/install/my_service_interfaces/include/my_service_interfaces/my_service_interfaces
[5.715s] -- Up-to-date: /ly_ROS2_humble/ros2_ws/install/my_service_interfaces/include/my_service_interfaces/my_service_interfaces/srv
[5.716s] -- Up-to-date: /ly_ROS2_humble/ros2_ws/install/my_service_interfaces/include/my_service_interfaces/my_service_interfaces/srv/detail
[5.716s] -- Installing: /ly_ROS2_humble/ros2_ws/install/my_service_interfaces/include/my_service_interfaces/my_service_interfaces/srv/detail/set_velocity__type_support.c
[5.716s] -- Installing: /ly_ROS2_humble/ros2_ws/install/my_service_interfaces/include/my_service_interfaces/my_service_interfaces/srv/detail/set_velocity__rosidl_typesupport_introspection_c.h
[5.716s] -- Up-to-date: /ly_ROS2_humble/ros2_ws/install/my_service_interfaces/include/my_service_interfaces/my_service_interfaces/msg
[5.716s] -- Installing: /ly_ROS2_humble/ros2_ws/install/my_service_interfaces/include/my_service_interfaces/my_service_interfaces/msg/rosidl_typesupport_introspection_c__visibility_control.h
[5.717s] -- Installing: /ly_ROS2_humble/ros2_ws/install/my_service_interfaces/lib/libmy_service_interfaces__rosidl_typesupport_introspection_c.so
[5.717s] -- Set runtime path of "/ly_ROS2_humble/ros2_ws/install/my_service_interfaces/lib/libmy_service_interfaces__rosidl_typesupport_introspection_c.so" to ""
[5.717s] -- Installing: /ly_ROS2_humble/ros2_ws/install/my_service_interfaces/lib/libmy_service_interfaces__rosidl_typesupport_c.so
[5.717s] -- Set runtime path of "/ly_ROS2_humble/ros2_ws/install/my_service_interfaces/lib/libmy_service_interfaces__rosidl_typesupport_c.so" to ""
[5.717s] -- Up-to-date: /ly_ROS2_humble/ros2_ws/install/my_service_interfaces/include/my_service_interfaces/my_service_interfaces
[5.717s] -- Up-to-date: /ly_ROS2_humble/ros2_ws/install/my_service_interfaces/include/my_service_interfaces/my_service_interfaces/srv
[5.718s] -- Installing: /ly_ROS2_humble/ros2_ws/install/my_service_interfaces/include/my_service_interfaces/my_service_interfaces/srv/set_velocity.hpp
[5.718s] -- Up-to-date: /ly_ROS2_humble/ros2_ws/install/my_service_interfaces/include/my_service_interfaces/my_service_interfaces/srv/detail
[5.718s] -- Installing: /ly_ROS2_humble/ros2_ws/install/my_service_interfaces/include/my_service_interfaces/my_service_interfaces/srv/detail/set_velocity__type_support.hpp
[5.718s] -- Installing: /ly_ROS2_humble/ros2_ws/install/my_service_interfaces/include/my_service_interfaces/my_service_interfaces/srv/detail/set_velocity__traits.hpp
[5.718s] -- Installing: /ly_ROS2_humble/ros2_ws/install/my_service_interfaces/include/my_service_interfaces/my_service_interfaces/srv/detail/set_velocity__struct.hpp
[5.718s] -- Installing: /ly_ROS2_humble/ros2_ws/install/my_service_interfaces/include/my_service_interfaces/my_service_interfaces/srv/detail/set_velocity__builder.hpp
[5.718s] -- Up-to-date: /ly_ROS2_humble/ros2_ws/install/my_service_interfaces/include/my_service_interfaces/my_service_interfaces/msg
[5.718s] -- Installing: /ly_ROS2_humble/ros2_ws/install/my_service_interfaces/include/my_service_interfaces/my_service_interfaces/msg/rosidl_generator_cpp__visibility_control.hpp
[5.719s] -- Up-to-date: /ly_ROS2_humble/ros2_ws/install/my_service_interfaces/include/my_service_interfaces/my_service_interfaces
[5.719s] -- Up-to-date: /ly_ROS2_humble/ros2_ws/install/my_service_interfaces/include/my_service_interfaces/my_service_interfaces/srv
[5.719s] -- Up-to-date: /ly_ROS2_humble/ros2_ws/install/my_service_interfaces/include/my_service_interfaces/my_service_interfaces/srv/detail
[5.719s] -- Installing: /ly_ROS2_humble/ros2_ws/install/my_service_interfaces/include/my_service_interfaces/my_service_interfaces/srv/detail/dds_fastrtps
[5.719s] -- Installing: /ly_ROS2_humble/ros2_ws/install/my_service_interfaces/include/my_service_interfaces/my_service_interfaces/srv/detail/set_velocity__rosidl_typesupport_fastrtps_cpp.hpp
[5.719s] -- Up-to-date: /ly_ROS2_humble/ros2_ws/install/my_service_interfaces/include/my_service_interfaces/my_service_interfaces/msg
[5.719s] -- Installing: /ly_ROS2_humble/ros2_ws/install/my_service_interfaces/include/my_service_interfaces/my_service_interfaces/msg/rosidl_typesupport_fastrtps_cpp__visibility_control.h
[5.719s] -- Installing: /ly_ROS2_humble/ros2_ws/install/my_service_interfaces/lib/libmy_service_interfaces__rosidl_typesupport_fastrtps_cpp.so
[5.719s] -- Set runtime path of "/ly_ROS2_humble/ros2_ws/install/my_service_interfaces/lib/libmy_service_interfaces__rosidl_typesupport_fastrtps_cpp.so" to ""
[5.720s] -- Up-to-date: /ly_ROS2_humble/ros2_ws/install/my_service_interfaces/include/my_service_interfaces/my_service_interfaces
[5.720s] -- Up-to-date: /ly_ROS2_humble/ros2_ws/install/my_service_interfaces/include/my_service_interfaces/my_service_interfaces/srv
[5.720s] -- Up-to-date: /ly_ROS2_humble/ros2_ws/install/my_service_interfaces/include/my_service_interfaces/my_service_interfaces/srv/detail
[5.720s] -- Installing: /ly_ROS2_humble/ros2_ws/install/my_service_interfaces/include/my_service_interfaces/my_service_interfaces/srv/detail/set_velocity__type_support.cpp
[5.720s] -- Installing: /ly_ROS2_humble/ros2_ws/install/my_service_interfaces/include/my_service_interfaces/my_service_interfaces/srv/detail/set_velocity__rosidl_typesupport_introspection_cpp.hpp
[5.720s] -- Installing: /ly_ROS2_humble/ros2_ws/install/my_service_interfaces/lib/libmy_service_interfaces__rosidl_typesupport_introspection_cpp.so
[5.720s] -- Set runtime path of "/ly_ROS2_humble/ros2_ws/install/my_service_interfaces/lib/libmy_service_interfaces__rosidl_typesupport_introspection_cpp.so" to ""
[5.720s] -- Installing: /ly_ROS2_humble/ros2_ws/install/my_service_interfaces/lib/libmy_service_interfaces__rosidl_typesupport_cpp.so
[5.720s] -- Set runtime path of "/ly_ROS2_humble/ros2_ws/install/my_service_interfaces/lib/libmy_service_interfaces__rosidl_typesupport_cpp.so" to ""
[5.721s] -- Installing: /ly_ROS2_humble/ros2_ws/install/my_service_interfaces/share/my_service_interfaces/environment/pythonpath.sh
[5.721s] -- Installing: /ly_ROS2_humble/ros2_ws/install/my_service_interfaces/share/my_service_interfaces/environment/pythonpath.dsv
[5.721s] -- Installing: /ly_ROS2_humble/ros2_ws/install/my_service_interfaces/local/lib/python3.10/dist-packages/my_service_interfaces-0.0.0-py3.10.egg-info
[5.721s] -- Installing: /ly_ROS2_humble/ros2_ws/install/my_service_interfaces/local/lib/python3.10/dist-packages/my_service_interfaces-0.0.0-py3.10.egg-info/top_level.txt
[5.721s] -- Installing: /ly_ROS2_humble/ros2_ws/install/my_service_interfaces/local/lib/python3.10/dist-packages/my_service_interfaces-0.0.0-py3.10.egg-info/PKG-INFO
[5.721s] -- Installing: /ly_ROS2_humble/ros2_ws/install/my_service_interfaces/local/lib/python3.10/dist-packages/my_service_interfaces-0.0.0-py3.10.egg-info/SOURCES.txt
[5.721s] -- Installing: /ly_ROS2_humble/ros2_ws/install/my_service_interfaces/local/lib/python3.10/dist-packages/my_service_interfaces-0.0.0-py3.10.egg-info/dependency_links.txt
[5.721s] -- Installing: /ly_ROS2_humble/ros2_ws/install/my_service_interfaces/local/lib/python3.10/dist-packages/my_service_interfaces
[5.721s] -- Installing: /ly_ROS2_humble/ros2_ws/install/my_service_interfaces/local/lib/python3.10/dist-packages/my_service_interfaces/_my_service_interfaces_s.ep.rosidl_typesupport_fastrtps_c.c
[5.722s] -- Installing: /ly_ROS2_humble/ros2_ws/install/my_service_interfaces/local/lib/python3.10/dist-packages/my_service_interfaces/_my_service_interfaces_s.ep.rosidl_typesupport_c.c
[5.722s] -- Installing: /ly_ROS2_humble/ros2_ws/install/my_service_interfaces/local/lib/python3.10/dist-packages/my_service_interfaces/_my_service_interfaces_s.ep.rosidl_typesupport_introspection_c.c
[5.722s] -- Installing: /ly_ROS2_humble/ros2_ws/install/my_service_interfaces/local/lib/python3.10/dist-packages/my_service_interfaces/my_service_interfaces_s__rosidl_typesupport_c.cpython-310-x86_64-linux-gnu.so
[5.722s] -- Installing: /ly_ROS2_humble/ros2_ws/install/my_service_interfaces/local/lib/python3.10/dist-packages/my_service_interfaces/my_service_interfaces_s__rosidl_typesupport_fastrtps_c.cpython-310-x86_64-linux-gnu.so
[5.722s] -- Installing: /ly_ROS2_humble/ros2_ws/install/my_service_interfaces/local/lib/python3.10/dist-packages/my_service_interfaces/my_service_interfaces_s__rosidl_typesupport_introspection_c.cpython-310-x86_64-linux-gnu.so
[5.722s] -- Installing: /ly_ROS2_humble/ros2_ws/install/my_service_interfaces/local/lib/python3.10/dist-packages/my_service_interfaces/libmy_service_interfaces__rosidl_generator_py.so
[5.722s] -- Installing: /ly_ROS2_humble/ros2_ws/install/my_service_interfaces/local/lib/python3.10/dist-packages/my_service_interfaces/srv
[5.722s] -- Installing: /ly_ROS2_humble/ros2_ws/install/my_service_interfaces/local/lib/python3.10/dist-packages/my_service_interfaces/srv/_set_velocity.py
[5.722s] -- Installing: /ly_ROS2_humble/ros2_ws/install/my_service_interfaces/local/lib/python3.10/dist-packages/my_service_interfaces/srv/_set_velocity_s.c
[5.723s] -- Installing: /ly_ROS2_humble/ros2_ws/install/my_service_interfaces/local/lib/python3.10/dist-packages/my_service_interfaces/srv/__init__.py
[5.723s] -- Installing: /ly_ROS2_humble/ros2_ws/install/my_service_interfaces/local/lib/python3.10/dist-packages/my_service_interfaces/__init__.py
[5.779s] Listing '/ly_ROS2_humble/ros2_ws/install/my_service_interfaces/local/lib/python3.10/dist-packages/my_service_interfaces'...
[5.780s] Compiling '/ly_ROS2_humble/ros2_ws/install/my_service_interfaces/local/lib/python3.10/dist-packages/my_service_interfaces/__init__.py'...
[5.780s] Listing '/ly_ROS2_humble/ros2_ws/install/my_service_interfaces/local/lib/python3.10/dist-packages/my_service_interfaces/srv'...
[5.780s] Compiling '/ly_ROS2_humble/ros2_ws/install/my_service_interfaces/local/lib/python3.10/dist-packages/my_service_interfaces/srv/__init__.py'...
[5.780s] Compiling '/ly_ROS2_humble/ros2_ws/install/my_service_interfaces/local/lib/python3.10/dist-packages/my_service_interfaces/srv/_set_velocity.py'...
[5.790s] -- Installing: /ly_ROS2_humble/ros2_ws/install/my_service_interfaces/local/lib/python3.10/dist-packages/my_service_interfaces/my_service_interfaces_s__rosidl_typesupport_fastrtps_c.cpython-310-x86_64-linux-gnu.so
[5.791s] -- Set runtime path of "/ly_ROS2_humble/ros2_ws/install/my_service_interfaces/local/lib/python3.10/dist-packages/my_service_interfaces/my_service_interfaces_s__rosidl_typesupport_fastrtps_c.cpython-310-x86_64-linux-gnu.so" to ""
[5.791s] -- Installing: /ly_ROS2_humble/ros2_ws/install/my_service_interfaces/local/lib/python3.10/dist-packages/my_service_interfaces/my_service_interfaces_s__rosidl_typesupport_introspection_c.cpython-310-x86_64-linux-gnu.so
[5.792s] -- Set runtime path of "/ly_ROS2_humble/ros2_ws/install/my_service_interfaces/local/lib/python3.10/dist-packages/my_service_interfaces/my_service_interfaces_s__rosidl_typesupport_introspection_c.cpython-310-x86_64-linux-gnu.so" to ""
[5.792s] -- Installing: /ly_ROS2_humble/ros2_ws/install/my_service_interfaces/local/lib/python3.10/dist-packages/my_service_interfaces/my_service_interfaces_s__rosidl_typesupport_c.cpython-310-x86_64-linux-gnu.so
[5.793s] -- Set runtime path of "/ly_ROS2_humble/ros2_ws/install/my_service_interfaces/local/lib/python3.10/dist-packages/my_service_interfaces/my_service_interfaces_s__rosidl_typesupport_c.cpython-310-x86_64-linux-gnu.so" to ""
[5.793s] -- Installing: /ly_ROS2_humble/ros2_ws/install/my_service_interfaces/lib/libmy_service_interfaces__rosidl_generator_py.so
[5.794s] -- Set runtime path of "/ly_ROS2_humble/ros2_ws/install/my_service_interfaces/lib/libmy_service_interfaces__rosidl_generator_py.so" to ""
[5.794s] -- Installing: /ly_ROS2_humble/ros2_ws/install/my_service_interfaces/share/my_service_interfaces/srv/SetVelocity.idl
[5.794s] -- Installing: /ly_ROS2_humble/ros2_ws/install/my_service_interfaces/share/my_service_interfaces/srv/SetVelocity.srv
[5.794s] -- Installing: /ly_ROS2_humble/ros2_ws/install/my_service_interfaces/share/my_service_interfaces/srv/SetVelocity_Request.msg
[5.794s] -- Installing: /ly_ROS2_humble/ros2_ws/install/my_service_interfaces/share/my_service_interfaces/srv/SetVelocity_Response.msg
[5.794s] -- Installing: /ly_ROS2_humble/ros2_ws/install/my_service_interfaces/share/ament_index/resource_index/package_run_dependencies/my_service_interfaces
[5.794s] -- Installing: /ly_ROS2_humble/ros2_ws/install/my_service_interfaces/share/ament_index/resource_index/parent_prefix_path/my_service_interfaces
[5.794s] -- Installing: /ly_ROS2_humble/ros2_ws/install/my_service_interfaces/share/my_service_interfaces/environment/ament_prefix_path.sh
[5.795s] -- Installing: /ly_ROS2_humble/ros2_ws/install/my_service_interfaces/share/my_service_interfaces/environment/ament_prefix_path.dsv
[5.795s] -- Installing: /ly_ROS2_humble/ros2_ws/install/my_service_interfaces/share/my_service_interfaces/environment/path.sh
[5.795s] -- Installing: /ly_ROS2_humble/ros2_ws/install/my_service_interfaces/share/my_service_interfaces/environment/path.dsv
[5.795s] -- Installing: /ly_ROS2_humble/ros2_ws/install/my_service_interfaces/share/my_service_interfaces/local_setup.bash
[5.795s] -- Installing: /ly_ROS2_humble/ros2_ws/install/my_service_interfaces/share/my_service_interfaces/local_setup.sh
[5.795s] -- Installing: /ly_ROS2_humble/ros2_ws/install/my_service_interfaces/share/my_service_interfaces/local_setup.zsh
[5.795s] -- Installing: /ly_ROS2_humble/ros2_ws/install/my_service_interfaces/share/my_service_interfaces/local_setup.dsv
[5.795s] -- Installing: /ly_ROS2_humble/ros2_ws/install/my_service_interfaces/share/my_service_interfaces/package.dsv
[5.795s] -- Installing: /ly_ROS2_humble/ros2_ws/install/my_service_interfaces/share/ament_index/resource_index/packages/my_service_interfaces
[5.796s] -- Installing: /ly_ROS2_humble/ros2_ws/install/my_service_interfaces/share/my_service_interfaces/cmake/export_my_service_interfaces__rosidl_generator_cExport.cmake
[5.796s] -- Installing: /ly_ROS2_humble/ros2_ws/install/my_service_interfaces/share/my_service_interfaces/cmake/export_my_service_interfaces__rosidl_generator_cExport-noconfig.cmake
[5.796s] -- Installing: /ly_ROS2_humble/ros2_ws/install/my_service_interfaces/share/my_service_interfaces/cmake/export_my_service_interfaces__rosidl_typesupport_fastrtps_cExport.cmake
[5.796s] -- Installing: /ly_ROS2_humble/ros2_ws/install/my_service_interfaces/share/my_service_interfaces/cmake/export_my_service_interfaces__rosidl_typesupport_fastrtps_cExport-noconfig.cmake
[5.796s] -- Installing: /ly_ROS2_humble/ros2_ws/install/my_service_interfaces/share/my_service_interfaces/cmake/my_service_interfaces__rosidl_typesupport_introspection_cExport.cmake
[5.796s] -- Installing: /ly_ROS2_humble/ros2_ws/install/my_service_interfaces/share/my_service_interfaces/cmake/my_service_interfaces__rosidl_typesupport_introspection_cExport-noconfig.cmake
[5.796s] -- Installing: /ly_ROS2_humble/ros2_ws/install/my_service_interfaces/share/my_service_interfaces/cmake/my_service_interfaces__rosidl_typesupport_cExport.cmake
[5.797s] -- Installing: /ly_ROS2_humble/ros2_ws/install/my_service_interfaces/share/my_service_interfaces/cmake/my_service_interfaces__rosidl_typesupport_cExport-noconfig.cmake
[5.797s] -- Installing: /ly_ROS2_humble/ros2_ws/install/my_service_interfaces/share/my_service_interfaces/cmake/export_my_service_interfaces__rosidl_generator_cppExport.cmake
[5.797s] -- Installing: /ly_ROS2_humble/ros2_ws/install/my_service_interfaces/share/my_service_interfaces/cmake/export_my_service_interfaces__rosidl_typesupport_fastrtps_cppExport.cmake
[5.797s] -- Installing: /ly_ROS2_humble/ros2_ws/install/my_service_interfaces/share/my_service_interfaces/cmake/export_my_service_interfaces__rosidl_typesupport_fastrtps_cppExport-noconfig.cmake
[5.797s] -- Installing: /ly_ROS2_humble/ros2_ws/install/my_service_interfaces/share/my_service_interfaces/cmake/my_service_interfaces__rosidl_typesupport_introspection_cppExport.cmake
[5.797s] -- Installing: /ly_ROS2_humble/ros2_ws/install/my_service_interfaces/share/my_service_interfaces/cmake/my_service_interfaces__rosidl_typesupport_introspection_cppExport-noconfig.cmake
[5.797s] -- Installing: /ly_ROS2_humble/ros2_ws/install/my_service_interfaces/share/my_service_interfaces/cmake/my_service_interfaces__rosidl_typesupport_cppExport.cmake
[5.797s] -- Installing: /ly_ROS2_humble/ros2_ws/install/my_service_interfaces/share/my_service_interfaces/cmake/my_service_interfaces__rosidl_typesupport_cppExport-noconfig.cmake
[5.798s] -- Installing: /ly_ROS2_humble/ros2_ws/install/my_service_interfaces/share/my_service_interfaces/cmake/export_my_service_interfaces__rosidl_generator_pyExport.cmake
[5.798s] -- Installing: /ly_ROS2_humble/ros2_ws/install/my_service_interfaces/share/my_service_interfaces/cmake/export_my_service_interfaces__rosidl_generator_pyExport-noconfig.cmake
[5.798s] -- Installing: /ly_ROS2_humble/ros2_ws/install/my_service_interfaces/share/my_service_interfaces/cmake/rosidl_cmake-extras.cmake
[5.798s] -- Installing: /ly_ROS2_humble/ros2_ws/install/my_service_interfaces/share/my_service_interfaces/cmake/ament_cmake_export_dependencies-extras.cmake
[5.798s] -- Installing: /ly_ROS2_humble/ros2_ws/install/my_service_interfaces/share/my_service_interfaces/cmake/ament_cmake_export_include_directories-extras.cmake
[5.798s] -- Installing: /ly_ROS2_humble/ros2_ws/install/my_service_interfaces/share/my_service_interfaces/cmake/ament_cmake_export_libraries-extras.cmake
[5.798s] -- Installing: /ly_ROS2_humble/ros2_ws/install/my_service_interfaces/share/my_service_interfaces/cmake/ament_cmake_export_targets-extras.cmake
[5.798s] -- Installing: /ly_ROS2_humble/ros2_ws/install/my_service_interfaces/share/my_service_interfaces/cmake/rosidl_cmake_export_typesupport_targets-extras.cmake
[5.798s] -- Installing: /ly_ROS2_humble/ros2_ws/install/my_service_interfaces/share/my_service_interfaces/cmake/rosidl_cmake_export_typesupport_libraries-extras.cmake
[5.798s] -- Installing: /ly_ROS2_humble/ros2_ws/install/my_service_interfaces/share/my_service_interfaces/cmake/my_service_interfacesConfig.cmake
[5.799s] -- Installing: /ly_ROS2_humble/ros2_ws/install/my_service_interfaces/share/my_service_interfaces/cmake/my_service_interfacesConfig-version.cmake
[5.799s] -- Installing: /ly_ROS2_humble/ros2_ws/install/my_service_interfaces/share/my_service_interfaces/package.xml
[5.802s] Invoked command in '/ly_ROS2_humble/ros2_ws/build/my_service_interfaces' returned '0': CMAKE_PREFIX_PATH=${CMAKE_PREFIX_PATH}:/ly_ROS2_humble/ros2_ws/install/my_service_server:/ly_ROS2_humble/ros2_ws/install/talker:/ly_ROS2_humble/ros2_ws/install/listener:/ly_ROS2_humble/turtlebot3_ws/install/turtlebot3_teleop:/ly_ROS2_humble/turtlebot3_ws/install/turtlebot3_example:/opt/ros/humble /usr/bin/cmake --install /ly_ROS2_humble/ros2_ws/build/my_service_interfaces
