[0.045s] Invoking command in '/ROS2_humble/turtlebot3_ws/build/turtlebot3_navigation2': /usr/bin/cmake /ROS2_humble/turtlebot3_ws/src/turtlebot3/turtlebot3_navigation2 -DAMENT_CMAKE_SYMLINK_INSTALL=1 -DCMAKE_INSTALL_PREFIX=/ROS2_humble/turtlebot3_ws/install/turtlebot3_navigation2
[0.366s] -- The C compiler identification is GNU 11.4.0
[0.366s] -- The CXX compiler identification is GNU 11.4.0
[0.367s] -- Detecting C compiler ABI info
[0.395s] -- Detecting C compiler ABI info - done
[0.409s] -- Check for working C compiler: /usr/bin/cc - skipped
[0.410s] -- Detecting C compile features
[0.410s] -- Detecting C compile features - done
[0.417s] -- Detecting CXX compiler ABI info
[0.537s] -- Detecting CXX compiler ABI info - done
[0.548s] -- Check for working CXX compiler: /usr/bin/c++ - skipped
[0.548s] -- Detecting CXX compile features
[0.549s] -- Detecting CXX compile features - done
[0.571s] [31mCMake Error at CMakeLists.txt:14 (find_package):
[0.571s]   By not providing "Findament_cmake.cmake" in CMAKE_MODULE_PATH this project
[0.571s]   has asked CMake to find a package configuration file provided by
[0.572s]   "ament_cmake", but CMake did not find one.
[0.572s] 
[0.572s]   Could not find a package configuration file provided by "ament_cmake" with
[0.572s]   any of the following names:
[0.572s] 
[0.572s]     ament_cmakeConfig.cmake
[0.572s]     ament_cmake-config.cmake
[0.572s] 
[0.573s]   Add the installation prefix of "ament_cmake" to CMAKE_PREFIX_PATH or set
[0.573s]   "ament_cmake_DIR" to a directory containing one of the above files.  If
[0.573s]   "ament_cmake" provides a separate development package or SDK, be sure it
[0.573s]   has been installed.
[0.573s] 
[0.573s] [0m
[0.573s] -- Configuring incomplete, errors occurred!
[0.574s] See also "/ROS2_humble/turtlebot3_ws/build/turtlebot3_navigation2/CMakeFiles/CMakeOutput.log".
[0.575s] Invoked command in '/ROS2_humble/turtlebot3_ws/build/turtlebot3_navigation2' returned '1': /usr/bin/cmake /ROS2_humble/turtlebot3_ws/src/turtlebot3/turtlebot3_navigation2 -DAMENT_CMAKE_SYMLINK_INSTALL=1 -DCMAKE_INSTALL_PREFIX=/ROS2_humble/turtlebot3_ws/install/turtlebot3_navigation2
