[0.031s] Invoking command in '/ROS2_humble/turtlebot3_ws/build/turtlebot3_cartographer': /usr/bin/cmake /ROS2_humble/turtlebot3_ws/src/turtlebot3/turtlebot3_cartographer -DAMENT_CMAKE_SYMLINK_INSTALL=1 -DCMAKE_INSTALL_PREFIX=/ROS2_humble/turtlebot3_ws/install/turtlebot3_cartographer
[0.367s] -- The C compiler identification is GNU 11.4.0
[0.368s] -- The CXX compiler identification is GNU 11.4.0
[0.368s] -- Detecting C compiler ABI info
[0.380s] -- Detecting C compiler ABI info - done
[0.389s] -- Check for working C compiler: /usr/bin/cc - skipped
[0.389s] -- Detecting C compile features
[0.390s] -- Detecting C compile features - done
[0.394s] -- Detecting CXX compiler ABI info
[0.528s] -- Detecting CXX compiler ABI info - done
[0.553s] -- Check for working CXX compiler: /usr/bin/c++ - skipped
[0.554s] -- Detecting CXX compile features
[0.555s] -- Detecting CXX compile features - done
[0.580s] -- Configuring incomplete, errors occurred!
[0.580s] See also "/ROS2_humble/turtlebot3_ws/build/turtlebot3_cartographer/CMakeFiles/CMakeOutput.log".
[0.580s] [31mCMake Error at CMakeLists.txt:14 (find_package):
[0.580s]   By not providing "Findament_cmake.cmake" in CMAKE_MODULE_PATH this project
[0.581s]   has asked CMake to find a package configuration file provided by
[0.581s]   "ament_cmake", but CMake did not find one.
[0.581s] 
[0.581s]   Could not find a package configuration file provided by "ament_cmake" with
[0.581s]   any of the following names:
[0.581s] 
[0.581s]     ament_cmakeConfig.cmake
[0.581s]     ament_cmake-config.cmake
[0.581s] 
[0.582s]   Add the installation prefix of "ament_cmake" to CMAKE_PREFIX_PATH or set
[0.582s]   "ament_cmake_DIR" to a directory containing one of the above files.  If
[0.582s]   "ament_cmake" provides a separate development package or SDK, be sure it
[0.582s]   has been installed.
[0.582s] 
[0.582s] [0m
[0.584s] Invoked command in '/ROS2_humble/turtlebot3_ws/build/turtlebot3_cartographer' returned '1': /usr/bin/cmake /ROS2_humble/turtlebot3_ws/src/turtlebot3/turtlebot3_cartographer -DAMENT_CMAKE_SYMLINK_INSTALL=1 -DCMAKE_INSTALL_PREFIX=/ROS2_humble/turtlebot3_ws/install/turtlebot3_cartographer
