[0.048s] Invoking command in '/ROS2_humble/turtlebot3_ws/build/turtlebot3_cartographer': CMAKE_PREFIX_PATH=/opt/ros/humble /usr/bin/cmake /ROS2_humble/turtlebot3_ws/src/turtlebot3/turtlebot3_cartographer -DAMENT_CMAKE_SYMLINK_INSTALL=1 -DCMAKE_INSTALL_PREFIX=/ROS2_humble/turtlebot3_ws/install/turtlebot3_cartographer
[0.085s] -- Found ament_cmake: 1.3.12 (/opt/ros/humble/share/ament_cmake/cmake)
[0.383s] -- Found Python3: /usr/bin/python3 (found version "3.10.12") found components: Interpreter 
[0.496s] -- Override CMake install command with custom implementation using symlinks instead of copying resources
[0.686s] -- Configuring done
[0.688s] -- Generating done
[0.693s] -- Build files have been written to: /ROS2_humble/turtlebot3_ws/build/turtlebot3_cartographer
[0.700s] Invoked command in '/ROS2_humble/turtlebot3_ws/build/turtlebot3_cartographer' returned '0': CMAKE_PREFIX_PATH=/opt/ros/humble /usr/bin/cmake /ROS2_humble/turtlebot3_ws/src/turtlebot3/turtlebot3_cartographer -DAMENT_CMAKE_SYMLINK_INSTALL=1 -DCMAKE_INSTALL_PREFIX=/ROS2_humble/turtlebot3_ws/install/turtlebot3_cartographer
[0.700s] Invoking command in '/ROS2_humble/turtlebot3_ws/build/turtlebot3_cartographer': CMAKE_PREFIX_PATH=/opt/ros/humble /usr/bin/cmake --build /ROS2_humble/turtlebot3_ws/build/turtlebot3_cartographer -- -j12 -l12
[0.783s] Invoked command in '/ROS2_humble/turtlebot3_ws/build/turtlebot3_cartographer' returned '0': CMAKE_PREFIX_PATH=/opt/ros/humble /usr/bin/cmake --build /ROS2_humble/turtlebot3_ws/build/turtlebot3_cartographer -- -j12 -l12
[0.785s] Invoking command in '/ROS2_humble/turtlebot3_ws/build/turtlebot3_cartographer': CMAKE_PREFIX_PATH=/opt/ros/humble /usr/bin/cmake --install /ROS2_humble/turtlebot3_ws/build/turtlebot3_cartographer
[0.814s] -- Install configuration: ""
[0.815s] -- Execute custom install script
[0.815s] -- Symlinking: /ROS2_humble/turtlebot3_ws/install/turtlebot3_cartographer/share/turtlebot3_cartographer/config/turtlebot3_lds_2d.lua
[0.815s] -- Symlinking: /ROS2_humble/turtlebot3_ws/install/turtlebot3_cartographer/share/turtlebot3_cartographer/launch/cartographer.launch.py
[0.827s] -- Symlinking: /ROS2_humble/turtlebot3_ws/install/turtlebot3_cartographer/share/turtlebot3_cartographer/launch/occupancy_grid.launch.py
[0.852s] -- Symlinking: /ROS2_humble/turtlebot3_ws/install/turtlebot3_cartographer/share/turtlebot3_cartographer/rviz/tb3_cartographer.rviz
[0.865s] -- Symlinking: /ROS2_humble/turtlebot3_ws/install/turtlebot3_cartographer/share/ament_index/resource_index/package_run_dependencies/turtlebot3_cartographer
[0.875s] -- Symlinking: /ROS2_humble/turtlebot3_ws/install/turtlebot3_cartographer/share/ament_index/resource_index/parent_prefix_path/turtlebot3_cartographer
[0.885s] -- Symlinking: /ROS2_humble/turtlebot3_ws/install/turtlebot3_cartographer/share/turtlebot3_cartographer/environment/ament_prefix_path.sh
[0.905s] -- Symlinking: /ROS2_humble/turtlebot3_ws/install/turtlebot3_cartographer/share/turtlebot3_cartographer/environment/ament_prefix_path.dsv
[0.924s] -- Symlinking: /ROS2_humble/turtlebot3_ws/install/turtlebot3_cartographer/share/turtlebot3_cartographer/environment/path.sh
[0.943s] -- Symlinking: /ROS2_humble/turtlebot3_ws/install/turtlebot3_cartographer/share/turtlebot3_cartographer/environment/path.dsv
[0.962s] -- Symlinking: /ROS2_humble/turtlebot3_ws/install/turtlebot3_cartographer/share/turtlebot3_cartographer/local_setup.bash
[0.976s] -- Symlinking: /ROS2_humble/turtlebot3_ws/install/turtlebot3_cartographer/share/turtlebot3_cartographer/local_setup.sh
[0.996s] -- Symlinking: /ROS2_humble/turtlebot3_ws/install/turtlebot3_cartographer/share/turtlebot3_cartographer/local_setup.zsh
[1.006s] -- Symlinking: /ROS2_humble/turtlebot3_ws/install/turtlebot3_cartographer/share/turtlebot3_cartographer/local_setup.dsv
[1.038s] -- Symlinking: /ROS2_humble/turtlebot3_ws/install/turtlebot3_cartographer/share/turtlebot3_cartographer/package.dsv
[1.072s] -- Symlinking: /ROS2_humble/turtlebot3_ws/install/turtlebot3_cartographer/share/ament_index/resource_index/packages/turtlebot3_cartographer
[1.118s] -- Symlinking: /ROS2_humble/turtlebot3_ws/install/turtlebot3_cartographer/share/turtlebot3_cartographer/cmake/turtlebot3_cartographerConfig.cmake
[1.152s] -- Symlinking: /ROS2_humble/turtlebot3_ws/install/turtlebot3_cartographer/share/turtlebot3_cartographer/cmake/turtlebot3_cartographerConfig-version.cmake
[1.168s] -- Symlinking: /ROS2_humble/turtlebot3_ws/install/turtlebot3_cartographer/share/turtlebot3_cartographer/package.xml
[1.185s] Invoked command in '/ROS2_humble/turtlebot3_ws/build/turtlebot3_cartographer' returned '0': CMAKE_PREFIX_PATH=/opt/ros/humble /usr/bin/cmake --install /ROS2_humble/turtlebot3_ws/build/turtlebot3_cartographer
