[0.055s] Invoking command in '/ROS2_humble/turtlebot3_ws/build/turtlebot3_manipulation_gazebo': /usr/bin/cmake /ROS2_humble/turtlebot3_ws/src/turtlebot3_simulations/turtlebot3_manipulation_gazebo -DAMENT_CMAKE_SYMLINK_INSTALL=1 -DCMAKE_INSTALL_PREFIX=/ROS2_humble/turtlebot3_ws/install/turtlebot3_manipulation_gazebo
[0.484s] -- The C compiler identification is GNU 11.4.0
[0.484s] -- The CXX compiler identification is GNU 11.4.0
[0.484s] -- Detecting C compiler ABI info
[0.485s] -- Detecting C compiler ABI info - done
[0.515s] -- Check for working C compiler: /usr/bin/cc - skipped
[0.515s] -- Detecting C compile features
[0.515s] -- Detecting C compile features - done
[0.515s] -- Detecting CXX compiler ABI info
[0.675s] -- Detecting CXX compiler ABI info - done
[0.702s] -- Check for working CXX compiler: /usr/bin/c++ - skipped
[0.703s] -- Detecting CXX compile features
[0.706s] -- Detecting CXX compile features - done
[0.743s] [31mCMake Error at CMakeLists.txt:10 (find_package):
[0.744s]   By not providing "Findament_cmake.cmake" in CMAKE_MODULE_PATH this project
[0.744s]   has asked CMake to find a package configuration file provided by
[0.744s]   "ament_cmake", but CMake did not find one.
[0.744s] 
[0.744s]   Could not find a package configuration file provided by "ament_cmake" with
[0.744s]   any of the following names:
[0.744s] 
[0.744s]     ament_cmakeConfig.cmake
[0.745s]     ament_cmake-config.cmake
[0.745s] 
[0.745s]   Add the installation prefix of "ament_cmake" to CMAKE_PREFIX_PATH or set
[0.745s]   "ament_cmake_DIR" to a directory containing one of the above files.  If
[0.745s]   "ament_cmake" provides a separate development package or SDK, be sure it
[0.745s]   has been installed.
[0.745s] 
[0.745s] [0m
[0.746s] -- Configuring incomplete, errors occurred!
[0.746s] See also "/ROS2_humble/turtlebot3_ws/build/turtlebot3_manipulation_gazebo/CMakeFiles/CMakeOutput.log".
[0.754s] Invoked command in '/ROS2_humble/turtlebot3_ws/build/turtlebot3_manipulation_gazebo' returned '1': /usr/bin/cmake /ROS2_humble/turtlebot3_ws/src/turtlebot3_simulations/turtlebot3_manipulation_gazebo -DAMENT_CMAKE_SYMLINK_INSTALL=1 -DCMAKE_INSTALL_PREFIX=/ROS2_humble/turtlebot3_ws/install/turtlebot3_manipulation_gazebo
