[0.023s] Invoking command in '/ROS2_humble/turtlebot3_ws/build/turtlebot3_simulations': AMENT_PREFIX_PATH=/ROS2_humble/turtlebot3_ws/install/turtlebot3_fake_node:/ROS2_humble/turtlebot3_ws/install/turtlebot3_msgs:/ROS2_humble/turtlebot3_ws/install/turtlebot3_manipulation_gazebo:/ROS2_humble/turtlebot3_ws/install/turtlebot3_gazebo:${AMENT_PREFIX_PATH} CMAKE_PREFIX_PATH=/ROS2_humble/turtlebot3_ws/install/turtlebot3_fake_node:/ROS2_humble/turtlebot3_ws/install/turtlebot3_msgs:/ROS2_humble/turtlebot3_ws/install/turtlebot3_manipulation_gazebo:/ROS2_humble/turtlebot3_ws/install/turtlebot3_gazebo:/opt/ros/humble LD_LIBRARY_PATH=/ROS2_humble/turtlebot3_ws/install/turtlebot3_msgs/lib:${LD_LIBRARY_PATH} PYTHONPATH=/ROS2_humble/turtlebot3_ws/install/turtlebot3_msgs/local/lib/python3.10/dist-packages:${PYTHONPATH} /usr/bin/cmake /ROS2_humble/turtlebot3_ws/src/turtlebot3_simulations/turtlebot3_simulations -DAMENT_CMAKE_SYMLINK_INSTALL=1 -DCMAKE_INSTALL_PREFIX=/ROS2_humble/turtlebot3_ws/install/turtlebot3_simulations
[0.114s] -- The C compiler identification is GNU 11.4.0
[0.219s] -- The CXX compiler identification is GNU 11.4.0
[0.230s] -- Detecting C compiler ABI info
[0.342s] -- Detecting C compiler ABI info - done
[0.356s] -- Check for working C compiler: /usr/bin/cc - skipped
[0.357s] -- Detecting C compile features
[0.357s] -- Detecting C compile features - done
[0.361s] -- Detecting CXX compiler ABI info
[0.482s] -- Detecting CXX compiler ABI info - done
[0.496s] -- Check for working CXX compiler: /usr/bin/c++ - skipped
[0.496s] -- Detecting CXX compile features
[0.497s] -- Detecting CXX compile features - done
[0.507s] -- Found ament_cmake: 1.3.12 (/opt/ros/humble/share/ament_cmake/cmake)
[0.776s] -- Found Python3: /usr/bin/python3 (found version "3.10.12") found components: Interpreter 
[0.871s] -- Override CMake install command with custom implementation using symlinks instead of copying resources
[1.035s] -- Configuring done
[1.040s] -- Generating done
[1.042s] -- Build files have been written to: /ROS2_humble/turtlebot3_ws/build/turtlebot3_simulations
[1.048s] Invoked command in '/ROS2_humble/turtlebot3_ws/build/turtlebot3_simulations' returned '0': AMENT_PREFIX_PATH=/ROS2_humble/turtlebot3_ws/install/turtlebot3_fake_node:/ROS2_humble/turtlebot3_ws/install/turtlebot3_msgs:/ROS2_humble/turtlebot3_ws/install/turtlebot3_manipulation_gazebo:/ROS2_humble/turtlebot3_ws/install/turtlebot3_gazebo:${AMENT_PREFIX_PATH} CMAKE_PREFIX_PATH=/ROS2_humble/turtlebot3_ws/install/turtlebot3_fake_node:/ROS2_humble/turtlebot3_ws/install/turtlebot3_msgs:/ROS2_humble/turtlebot3_ws/install/turtlebot3_manipulation_gazebo:/ROS2_humble/turtlebot3_ws/install/turtlebot3_gazebo:/opt/ros/humble LD_LIBRARY_PATH=/ROS2_humble/turtlebot3_ws/install/turtlebot3_msgs/lib:${LD_LIBRARY_PATH} PYTHONPATH=/ROS2_humble/turtlebot3_ws/install/turtlebot3_msgs/local/lib/python3.10/dist-packages:${PYTHONPATH} /usr/bin/cmake /ROS2_humble/turtlebot3_ws/src/turtlebot3_simulations/turtlebot3_simulations -DAMENT_CMAKE_SYMLINK_INSTALL=1 -DCMAKE_INSTALL_PREFIX=/ROS2_humble/turtlebot3_ws/install/turtlebot3_simulations
[1.052s] Invoking command in '/ROS2_humble/turtlebot3_ws/build/turtlebot3_simulations': AMENT_PREFIX_PATH=/ROS2_humble/turtlebot3_ws/install/turtlebot3_fake_node:/ROS2_humble/turtlebot3_ws/install/turtlebot3_msgs:/ROS2_humble/turtlebot3_ws/install/turtlebot3_manipulation_gazebo:/ROS2_humble/turtlebot3_ws/install/turtlebot3_gazebo:${AMENT_PREFIX_PATH} CMAKE_PREFIX_PATH=/ROS2_humble/turtlebot3_ws/install/turtlebot3_fake_node:/ROS2_humble/turtlebot3_ws/install/turtlebot3_msgs:/ROS2_humble/turtlebot3_ws/install/turtlebot3_manipulation_gazebo:/ROS2_humble/turtlebot3_ws/install/turtlebot3_gazebo:/opt/ros/humble LD_LIBRARY_PATH=/ROS2_humble/turtlebot3_ws/install/turtlebot3_msgs/lib:${LD_LIBRARY_PATH} PYTHONPATH=/ROS2_humble/turtlebot3_ws/install/turtlebot3_msgs/local/lib/python3.10/dist-packages:${PYTHONPATH} /usr/bin/cmake --build /ROS2_humble/turtlebot3_ws/build/turtlebot3_simulations -- -j12 -l12
[1.102s] Invoked command in '/ROS2_humble/turtlebot3_ws/build/turtlebot3_simulations' returned '0': AMENT_PREFIX_PATH=/ROS2_humble/turtlebot3_ws/install/turtlebot3_fake_node:/ROS2_humble/turtlebot3_ws/install/turtlebot3_msgs:/ROS2_humble/turtlebot3_ws/install/turtlebot3_manipulation_gazebo:/ROS2_humble/turtlebot3_ws/install/turtlebot3_gazebo:${AMENT_PREFIX_PATH} CMAKE_PREFIX_PATH=/ROS2_humble/turtlebot3_ws/install/turtlebot3_fake_node:/ROS2_humble/turtlebot3_ws/install/turtlebot3_msgs:/ROS2_humble/turtlebot3_ws/install/turtlebot3_manipulation_gazebo:/ROS2_humble/turtlebot3_ws/install/turtlebot3_gazebo:/opt/ros/humble LD_LIBRARY_PATH=/ROS2_humble/turtlebot3_ws/install/turtlebot3_msgs/lib:${LD_LIBRARY_PATH} PYTHONPATH=/ROS2_humble/turtlebot3_ws/install/turtlebot3_msgs/local/lib/python3.10/dist-packages:${PYTHONPATH} /usr/bin/cmake --build /ROS2_humble/turtlebot3_ws/build/turtlebot3_simulations -- -j12 -l12
[1.105s] Invoking command in '/ROS2_humble/turtlebot3_ws/build/turtlebot3_simulations': AMENT_PREFIX_PATH=/ROS2_humble/turtlebot3_ws/install/turtlebot3_fake_node:/ROS2_humble/turtlebot3_ws/install/turtlebot3_msgs:/ROS2_humble/turtlebot3_ws/install/turtlebot3_manipulation_gazebo:/ROS2_humble/turtlebot3_ws/install/turtlebot3_gazebo:${AMENT_PREFIX_PATH} CMAKE_PREFIX_PATH=/ROS2_humble/turtlebot3_ws/install/turtlebot3_fake_node:/ROS2_humble/turtlebot3_ws/install/turtlebot3_msgs:/ROS2_humble/turtlebot3_ws/install/turtlebot3_manipulation_gazebo:/ROS2_humble/turtlebot3_ws/install/turtlebot3_gazebo:/opt/ros/humble LD_LIBRARY_PATH=/ROS2_humble/turtlebot3_ws/install/turtlebot3_msgs/lib:${LD_LIBRARY_PATH} PYTHONPATH=/ROS2_humble/turtlebot3_ws/install/turtlebot3_msgs/local/lib/python3.10/dist-packages:${PYTHONPATH} /usr/bin/cmake --install /ROS2_humble/turtlebot3_ws/build/turtlebot3_simulations
[1.119s] -- Install configuration: ""
[1.120s] -- Execute custom install script
[1.121s] -- Symlinking: /ROS2_humble/turtlebot3_ws/install/turtlebot3_simulations/share/ament_index/resource_index/package_run_dependencies/turtlebot3_simulations
[1.136s] -- Symlinking: /ROS2_humble/turtlebot3_ws/install/turtlebot3_simulations/share/ament_index/resource_index/parent_prefix_path/turtlebot3_simulations
[1.152s] -- Symlinking: /ROS2_humble/turtlebot3_ws/install/turtlebot3_simulations/share/turtlebot3_simulations/environment/ament_prefix_path.sh
[1.163s] -- Symlinking: /ROS2_humble/turtlebot3_ws/install/turtlebot3_simulations/share/turtlebot3_simulations/environment/ament_prefix_path.dsv
[1.175s] -- Symlinking: /ROS2_humble/turtlebot3_ws/install/turtlebot3_simulations/share/turtlebot3_simulations/environment/path.sh
[1.186s] -- Symlinking: /ROS2_humble/turtlebot3_ws/install/turtlebot3_simulations/share/turtlebot3_simulations/environment/path.dsv
[1.200s] -- Symlinking: /ROS2_humble/turtlebot3_ws/install/turtlebot3_simulations/share/turtlebot3_simulations/local_setup.bash
[1.216s] -- Symlinking: /ROS2_humble/turtlebot3_ws/install/turtlebot3_simulations/share/turtlebot3_simulations/local_setup.sh
[1.231s] -- Symlinking: /ROS2_humble/turtlebot3_ws/install/turtlebot3_simulations/share/turtlebot3_simulations/local_setup.zsh
[1.248s] -- Symlinking: /ROS2_humble/turtlebot3_ws/install/turtlebot3_simulations/share/turtlebot3_simulations/local_setup.dsv
[1.263s] -- Symlinking: /ROS2_humble/turtlebot3_ws/install/turtlebot3_simulations/share/turtlebot3_simulations/package.dsv
[1.277s] -- Symlinking: /ROS2_humble/turtlebot3_ws/install/turtlebot3_simulations/share/ament_index/resource_index/packages/turtlebot3_simulations
[1.291s] -- Symlinking: /ROS2_humble/turtlebot3_ws/install/turtlebot3_simulations/share/turtlebot3_simulations/cmake/turtlebot3_simulationsConfig.cmake
[1.302s] -- Symlinking: /ROS2_humble/turtlebot3_ws/install/turtlebot3_simulations/share/turtlebot3_simulations/cmake/turtlebot3_simulationsConfig-version.cmake
[1.316s] -- Symlinking: /ROS2_humble/turtlebot3_ws/install/turtlebot3_simulations/share/turtlebot3_simulations/package.xml
[1.335s] Invoked command in '/ROS2_humble/turtlebot3_ws/build/turtlebot3_simulations' returned '0': AMENT_PREFIX_PATH=/ROS2_humble/turtlebot3_ws/install/turtlebot3_fake_node:/ROS2_humble/turtlebot3_ws/install/turtlebot3_msgs:/ROS2_humble/turtlebot3_ws/install/turtlebot3_manipulation_gazebo:/ROS2_humble/turtlebot3_ws/install/turtlebot3_gazebo:${AMENT_PREFIX_PATH} CMAKE_PREFIX_PATH=/ROS2_humble/turtlebot3_ws/install/turtlebot3_fake_node:/ROS2_humble/turtlebot3_ws/install/turtlebot3_msgs:/ROS2_humble/turtlebot3_ws/install/turtlebot3_manipulation_gazebo:/ROS2_humble/turtlebot3_ws/install/turtlebot3_gazebo:/opt/ros/humble LD_LIBRARY_PATH=/ROS2_humble/turtlebot3_ws/install/turtlebot3_msgs/lib:${LD_LIBRARY_PATH} PYTHONPATH=/ROS2_humble/turtlebot3_ws/install/turtlebot3_msgs/local/lib/python3.10/dist-packages:${PYTHONPATH} /usr/bin/cmake --install /ROS2_humble/turtlebot3_ws/build/turtlebot3_simulations
