[0.055s] Invoking command in '/ROS2_humble/turtlebot3_ws/build/turtlebot3_gazebo': /usr/bin/cmake /ROS2_humble/turtlebot3_ws/src/turtlebot3_simulations/turtlebot3_gazebo -DAMENT_CMAKE_SYMLINK_INSTALL=1 -DCMAKE_INSTALL_PREFIX=/ROS2_humble/turtlebot3_ws/install/turtlebot3_gazebo
[0.487s] -- The C compiler identification is GNU 11.4.0
[0.487s] -- The CXX compiler identification is GNU 11.4.0
[0.487s] -- Detecting C compiler ABI info
[0.516s] -- Detecting C compiler ABI info - done
[0.516s] -- Check for working C compiler: /usr/bin/cc - skipped
[0.516s] -- Detecting C compile features
[0.516s] -- Detecting C compile features - done
[0.517s] -- Detecting CXX compiler ABI info
[0.716s] -- Detecting CXX compiler ABI info - done
[0.735s] -- Check for working CXX compiler: /usr/bin/c++ - skipped
[0.735s] -- Detecting CXX compile features
[0.735s] -- Detecting CXX compile features - done
[0.751s] [31mCMake Error at CMakeLists.txt:22 (find_package):
[0.752s]   By not providing "Findament_cmake.cmake" in CMAKE_MODULE_PATH this project
[0.752s]   has asked CMake to find a package configuration file provided by
[0.752s]   "ament_cmake", but CMake did not find one.
[0.753s] 
[0.753s]   Could not find a package configuration file provided by "ament_cmake" with
[0.753s]   any of the following names:
[0.753s] 
[0.754s]     ament_cmakeConfig.cmake
[0.755s]     ament_cmake-config.cmake
[0.755s] 
[0.756s]   Add the installation prefix of "ament_cmake" to CMAKE_PREFIX_PATH or set
[0.756s]   "ament_cmake_DIR" to a directory containing one of the above files.  If
[0.756s]   "ament_cmake" provides a separate development package or SDK, be sure it
[0.756s]   has been installed.
[0.756s] 
[0.756s] [0m
[0.756s] -- Configuring incomplete, errors occurred!
[0.756s] See also "/ROS2_humble/turtlebot3_ws/build/turtlebot3_gazebo/CMakeFiles/CMakeOutput.log".
[0.772s] Invoked command in '/ROS2_humble/turtlebot3_ws/build/turtlebot3_gazebo' returned '1': /usr/bin/cmake /ROS2_humble/turtlebot3_ws/src/turtlebot3_simulations/turtlebot3_gazebo -DAMENT_CMAKE_SYMLINK_INSTALL=1 -DCMAKE_INSTALL_PREFIX=/ROS2_humble/turtlebot3_ws/install/turtlebot3_gazebo
