[0.055s] Invoking command in '/ROS2_humble/turtlebot3_ws/build/turtlebot3_description': CMAKE_PREFIX_PATH=/opt/ros/humble /usr/bin/cmake /ROS2_humble/turtlebot3_ws/src/turtlebot3/turtlebot3_description -DAMENT_CMAKE_SYMLINK_INSTALL=1 -DCMAKE_INSTALL_PREFIX=/ROS2_humble/turtlebot3_ws/install/turtlebot3_description
[0.098s] -- Found ament_cmake: 1.3.12 (/opt/ros/humble/share/ament_cmake/cmake)
[0.385s] -- Found Python3: /usr/bin/python3 (found version "3.10.12") found components: Interpreter 
[0.525s] -- Override CMake install command with custom implementation using symlinks instead of copying resources
[0.610s] -- Found urdf: 2.6.1 (/opt/ros/humble/share/urdf/cmake)
[0.945s] -- Configuring done
[0.951s] -- Generating done
[0.956s] -- Build files have been written to: /ROS2_humble/turtlebot3_ws/build/turtlebot3_description
[0.968s] Invoked command in '/ROS2_humble/turtlebot3_ws/build/turtlebot3_description' returned '0': CMAKE_PREFIX_PATH=/opt/ros/humble /usr/bin/cmake /ROS2_humble/turtlebot3_ws/src/turtlebot3/turtlebot3_description -DAMENT_CMAKE_SYMLINK_INSTALL=1 -DCMAKE_INSTALL_PREFIX=/ROS2_humble/turtlebot3_ws/install/turtlebot3_description
[0.968s] Invoking command in '/ROS2_humble/turtlebot3_ws/build/turtlebot3_description': CMAKE_PREFIX_PATH=/opt/ros/humble /usr/bin/cmake --build /ROS2_humble/turtlebot3_ws/build/turtlebot3_description -- -j12 -l12
[1.130s] Invoked command in '/ROS2_humble/turtlebot3_ws/build/turtlebot3_description' returned '0': CMAKE_PREFIX_PATH=/opt/ros/humble /usr/bin/cmake --build /ROS2_humble/turtlebot3_ws/build/turtlebot3_description -- -j12 -l12
[1.131s] Invoking command in '/ROS2_humble/turtlebot3_ws/build/turtlebot3_description': CMAKE_PREFIX_PATH=/opt/ros/humble /usr/bin/cmake --install /ROS2_humble/turtlebot3_ws/build/turtlebot3_description
[1.134s] -- Install configuration: ""
[1.135s] -- Execute custom install script
[1.136s] -- Symlinking: /ROS2_humble/turtlebot3_ws/install/turtlebot3_description/share/turtlebot3_description/meshes/bases/burger_base.stl
[1.174s] -- Symlinking: /ROS2_humble/turtlebot3_ws/install/turtlebot3_description/share/turtlebot3_description/meshes/bases/waffle_base.stl
[1.290s] -- Symlinking: /ROS2_humble/turtlebot3_ws/install/turtlebot3_description/share/turtlebot3_description/meshes/bases/waffle_pi_base.stl
[1.333s] -- Symlinking: /ROS2_humble/turtlebot3_ws/install/turtlebot3_description/share/turtlebot3_description/meshes/sensors/astra.dae
[1.358s] -- Symlinking: /ROS2_humble/turtlebot3_ws/install/turtlebot3_description/share/turtlebot3_description/meshes/sensors/astra.jpg
[1.388s] -- Symlinking: /ROS2_humble/turtlebot3_ws/install/turtlebot3_description/share/turtlebot3_description/meshes/sensors/lds.stl
[1.431s] -- Symlinking: /ROS2_humble/turtlebot3_ws/install/turtlebot3_description/share/turtlebot3_description/meshes/sensors/r200.dae
[1.457s] -- Symlinking: /ROS2_humble/turtlebot3_ws/install/turtlebot3_description/share/turtlebot3_description/meshes/sensors/r200.jpg
[1.485s] -- Symlinking: /ROS2_humble/turtlebot3_ws/install/turtlebot3_description/share/turtlebot3_description/meshes/wheels/left_tire.stl
[1.535s] -- Symlinking: /ROS2_humble/turtlebot3_ws/install/turtlebot3_description/share/turtlebot3_description/meshes/wheels/right_tire.stl
[1.585s] -- Symlinking: /ROS2_humble/turtlebot3_ws/install/turtlebot3_description/share/turtlebot3_description/rviz/model.rviz
[1.619s] -- Symlinking: /ROS2_humble/turtlebot3_ws/install/turtlebot3_description/share/turtlebot3_description/urdf/common_properties.urdf
[1.643s] -- Symlinking: /ROS2_humble/turtlebot3_ws/install/turtlebot3_description/share/turtlebot3_description/urdf/turtlebot3_burger.urdf
[1.661s] -- Symlinking: /ROS2_humble/turtlebot3_ws/install/turtlebot3_description/share/turtlebot3_description/urdf/turtlebot3_waffle.urdf
[1.680s] -- Symlinking: /ROS2_humble/turtlebot3_ws/install/turtlebot3_description/share/turtlebot3_description/urdf/turtlebot3_waffle_pi.urdf
[1.698s] -- Symlinking: /ROS2_humble/turtlebot3_ws/install/turtlebot3_description/share/ament_index/resource_index/package_run_dependencies/turtlebot3_description
[1.719s] -- Symlinking: /ROS2_humble/turtlebot3_ws/install/turtlebot3_description/share/ament_index/resource_index/parent_prefix_path/turtlebot3_description
[1.734s] -- Symlinking: /ROS2_humble/turtlebot3_ws/install/turtlebot3_description/share/turtlebot3_description/environment/ament_prefix_path.sh
[1.751s] -- Symlinking: /ROS2_humble/turtlebot3_ws/install/turtlebot3_description/share/turtlebot3_description/environment/ament_prefix_path.dsv
[1.770s] -- Symlinking: /ROS2_humble/turtlebot3_ws/install/turtlebot3_description/share/turtlebot3_description/environment/path.sh
[1.788s] -- Symlinking: /ROS2_humble/turtlebot3_ws/install/turtlebot3_description/share/turtlebot3_description/environment/path.dsv
[1.809s] -- Symlinking: /ROS2_humble/turtlebot3_ws/install/turtlebot3_description/share/turtlebot3_description/local_setup.bash
[1.827s] -- Symlinking: /ROS2_humble/turtlebot3_ws/install/turtlebot3_description/share/turtlebot3_description/local_setup.sh
[1.848s] -- Symlinking: /ROS2_humble/turtlebot3_ws/install/turtlebot3_description/share/turtlebot3_description/local_setup.zsh
[1.867s] -- Symlinking: /ROS2_humble/turtlebot3_ws/install/turtlebot3_description/share/turtlebot3_description/local_setup.dsv
[1.885s] -- Symlinking: /ROS2_humble/turtlebot3_ws/install/turtlebot3_description/share/turtlebot3_description/package.dsv
[1.905s] -- Symlinking: /ROS2_humble/turtlebot3_ws/install/turtlebot3_description/share/ament_index/resource_index/packages/turtlebot3_description
[1.924s] -- Symlinking: /ROS2_humble/turtlebot3_ws/install/turtlebot3_description/share/turtlebot3_description/cmake/turtlebot3_descriptionConfig.cmake
[1.941s] -- Symlinking: /ROS2_humble/turtlebot3_ws/install/turtlebot3_description/share/turtlebot3_description/cmake/turtlebot3_descriptionConfig-version.cmake
[1.963s] -- Symlinking: /ROS2_humble/turtlebot3_ws/install/turtlebot3_description/share/turtlebot3_description/package.xml
[1.986s] Invoked command in '/ROS2_humble/turtlebot3_ws/build/turtlebot3_description' returned '0': CMAKE_PREFIX_PATH=/opt/ros/humble /usr/bin/cmake --install /ROS2_humble/turtlebot3_ws/build/turtlebot3_description
