running egg_info
creating ../../build/my_service_client/my_service_client.egg-info
writing ../../build/my_service_client/my_service_client.egg-info/PKG-INFO
writing dependency_links to ../../build/my_service_client/my_service_client.egg-info/dependency_links.txt
writing entry points to ../../build/my_service_client/my_service_client.egg-info/entry_points.txt
writing requirements to ../../build/my_service_client/my_service_client.egg-info/requires.txt
writing top-level names to ../../build/my_service_client/my_service_client.egg-info/top_level.txt
writing manifest file '../../build/my_service_client/my_service_client.egg-info/SOURCES.txt'
reading manifest file '../../build/my_service_client/my_service_client.egg-info/SOURCES.txt'
writing manifest file '../../build/my_service_client/my_service_client.egg-info/SOURCES.txt'
running build
running build_py
creating /ly_ROS2_humble/ros2_ws/build/my_service_client/build
creating /ly_ROS2_humble/ros2_ws/build/my_service_client/build/lib
creating /ly_ROS2_humble/ros2_ws/build/my_service_client/build/lib/my_service_client
copying my_service_client/client_node.py -> /ly_ROS2_humble/ros2_ws/build/my_service_client/build/lib/my_service_client
copying my_service_client/__init__.py -> /ly_ROS2_humble/ros2_ws/build/my_service_client/build/lib/my_service_client
running install
running install_lib
creating /ly_ROS2_humble/ros2_ws/install/my_service_client/lib/python3.10/site-packages/my_service_client
copying /ly_ROS2_humble/ros2_ws/build/my_service_client/build/lib/my_service_client/client_node.py -> /ly_ROS2_humble/ros2_ws/install/my_service_client/lib/python3.10/site-packages/my_service_client
copying /ly_ROS2_humble/ros2_ws/build/my_service_client/build/lib/my_service_client/__init__.py -> /ly_ROS2_humble/ros2_ws/install/my_service_client/lib/python3.10/site-packages/my_service_client
byte-compiling /ly_ROS2_humble/ros2_ws/install/my_service_client/lib/python3.10/site-packages/my_service_client/client_node.py to client_node.cpython-310.pyc
byte-compiling /ly_ROS2_humble/ros2_ws/install/my_service_client/lib/python3.10/site-packages/my_service_client/__init__.py to __init__.cpython-310.pyc
running install_data
creating /ly_ROS2_humble/ros2_ws/install/my_service_client/share/ament_index
creating /ly_ROS2_humble/ros2_ws/install/my_service_client/share/ament_index/resource_index
creating /ly_ROS2_humble/ros2_ws/install/my_service_client/share/ament_index/resource_index/packages
copying resource/my_service_client -> /ly_ROS2_humble/ros2_ws/install/my_service_client/share/ament_index/resource_index/packages
copying package.xml -> /ly_ROS2_humble/ros2_ws/install/my_service_client/share/my_service_client
running install_egg_info
Copying ../../build/my_service_client/my_service_client.egg-info to /ly_ROS2_humble/ros2_ws/install/my_service_client/lib/python3.10/site-packages/my_service_client-0.0.0-py3.10.egg-info
running install_scripts
writing list of installed files to '/ly_ROS2_humble/ros2_ws/build/my_service_client/install.log'
