[0.851s] Invoking command in '/ly_ROS2_humble/ros2_ws/src/my_service_client': LD_LIBRARY_PATH=/ly_ROS2_humble/ros2_ws/install/my_service_interfaces/lib:/ly_ROS2_humble/turtlebot3_ws/install/turtlebot3_msgs/lib:/ly_ROS2_humble/turtlebot3_ws/install/dynamixel_sdk_custom_interfaces/lib:/ly_ROS2_humble/turtlebot3_ws/install/dynamixel_sdk/lib:/usr/lib/x86_64-linux-gnu/gazebo-11/plugins:/opt/ros/humble/opt/rviz_ogre_vendor/lib:/opt/ros/humble/lib/x86_64-linux-gnu:/opt/ros/humble/lib:/usr/lib/x86_64-linux-gnu/gazebo-11/plugins:/usr/lib/x86_64-linux-gnu/gazebo-11/plugins:/usr/lib/x86_64-linux-gnu/gazebo-11/plugins PYTHONPATH=/ly_ROS2_humble/ros2_ws/build/my_service_client/prefix_override:/usr/lib/python3/dist-packages/colcon_core/task/python/colcon_distutils_commands:/ly_ROS2_humble/ros2_ws/install/my_service_client/lib/python3.10/site-packages:${PYTHONPATH} /usr/bin/python3 -W ignore:setup.py install is deprecated -W ignore:easy_install command is deprecated setup.py egg_info --egg-base ../../build/my_service_client build --build-base /ly_ROS2_humble/ros2_ws/build/my_service_client/build install --record /ly_ROS2_humble/ros2_ws/build/my_service_client/install.log --single-version-externally-managed install_data
[1.143s] running egg_info
[1.143s] creating ../../build/my_service_client/my_service_client.egg-info
[1.143s] writing ../../build/my_service_client/my_service_client.egg-info/PKG-INFO
[1.143s] writing dependency_links to ../../build/my_service_client/my_service_client.egg-info/dependency_links.txt
[1.143s] writing entry points to ../../build/my_service_client/my_service_client.egg-info/entry_points.txt
[1.143s] writing requirements to ../../build/my_service_client/my_service_client.egg-info/requires.txt
[1.143s] writing top-level names to ../../build/my_service_client/my_service_client.egg-info/top_level.txt
[1.143s] writing manifest file '../../build/my_service_client/my_service_client.egg-info/SOURCES.txt'
[1.146s] reading manifest file '../../build/my_service_client/my_service_client.egg-info/SOURCES.txt'
[1.147s] writing manifest file '../../build/my_service_client/my_service_client.egg-info/SOURCES.txt'
[1.147s] running build
[1.147s] running build_py
[1.147s] creating /ly_ROS2_humble/ros2_ws/build/my_service_client/build
[1.147s] creating /ly_ROS2_humble/ros2_ws/build/my_service_client/build/lib
[1.147s] creating /ly_ROS2_humble/ros2_ws/build/my_service_client/build/lib/my_service_client
[1.147s] copying my_service_client/client_node.py -> /ly_ROS2_humble/ros2_ws/build/my_service_client/build/lib/my_service_client
[1.147s] copying my_service_client/__init__.py -> /ly_ROS2_humble/ros2_ws/build/my_service_client/build/lib/my_service_client
[1.147s] running install
[1.148s] running install_lib
[1.149s] creating /ly_ROS2_humble/ros2_ws/install/my_service_client/lib/python3.10/site-packages/my_service_client
[1.149s] copying /ly_ROS2_humble/ros2_ws/build/my_service_client/build/lib/my_service_client/client_node.py -> /ly_ROS2_humble/ros2_ws/install/my_service_client/lib/python3.10/site-packages/my_service_client
[1.150s] copying /ly_ROS2_humble/ros2_ws/build/my_service_client/build/lib/my_service_client/__init__.py -> /ly_ROS2_humble/ros2_ws/install/my_service_client/lib/python3.10/site-packages/my_service_client
[1.150s] byte-compiling /ly_ROS2_humble/ros2_ws/install/my_service_client/lib/python3.10/site-packages/my_service_client/client_node.py to client_node.cpython-310.pyc
[1.151s] byte-compiling /ly_ROS2_humble/ros2_ws/install/my_service_client/lib/python3.10/site-packages/my_service_client/__init__.py to __init__.cpython-310.pyc
[1.151s] running install_data
[1.151s] creating /ly_ROS2_humble/ros2_ws/install/my_service_client/share/ament_index
[1.152s] creating /ly_ROS2_humble/ros2_ws/install/my_service_client/share/ament_index/resource_index
[1.152s] creating /ly_ROS2_humble/ros2_ws/install/my_service_client/share/ament_index/resource_index/packages
[1.152s] copying resource/my_service_client -> /ly_ROS2_humble/ros2_ws/install/my_service_client/share/ament_index/resource_index/packages
[1.152s] copying package.xml -> /ly_ROS2_humble/ros2_ws/install/my_service_client/share/my_service_client
[1.152s] running install_egg_info
[1.154s] Copying ../../build/my_service_client/my_service_client.egg-info to /ly_ROS2_humble/ros2_ws/install/my_service_client/lib/python3.10/site-packages/my_service_client-0.0.0-py3.10.egg-info
[1.155s] running install_scripts
[1.183s] writing list of installed files to '/ly_ROS2_humble/ros2_ws/build/my_service_client/install.log'
[1.217s] Invoked command in '/ly_ROS2_humble/ros2_ws/src/my_service_client' returned '0': LD_LIBRARY_PATH=/ly_ROS2_humble/ros2_ws/install/my_service_interfaces/lib:/ly_ROS2_humble/turtlebot3_ws/install/turtlebot3_msgs/lib:/ly_ROS2_humble/turtlebot3_ws/install/dynamixel_sdk_custom_interfaces/lib:/ly_ROS2_humble/turtlebot3_ws/install/dynamixel_sdk/lib:/usr/lib/x86_64-linux-gnu/gazebo-11/plugins:/opt/ros/humble/opt/rviz_ogre_vendor/lib:/opt/ros/humble/lib/x86_64-linux-gnu:/opt/ros/humble/lib:/usr/lib/x86_64-linux-gnu/gazebo-11/plugins:/usr/lib/x86_64-linux-gnu/gazebo-11/plugins:/usr/lib/x86_64-linux-gnu/gazebo-11/plugins PYTHONPATH=/ly_ROS2_humble/ros2_ws/build/my_service_client/prefix_override:/usr/lib/python3/dist-packages/colcon_core/task/python/colcon_distutils_commands:/ly_ROS2_humble/ros2_ws/install/my_service_client/lib/python3.10/site-packages:${PYTHONPATH} /usr/bin/python3 -W ignore:setup.py install is deprecated -W ignore:easy_install command is deprecated setup.py egg_info --egg-base ../../build/my_service_client build --build-base /ly_ROS2_humble/ros2_ws/build/my_service_client/build install --record /ly_ROS2_humble/ros2_ws/build/my_service_client/install.log --single-version-externally-managed install_data
